#
# There is insufficient memory for the Java Runtime Environment to continue.
# Native memory allocation (mmap) failed to map 12582912 bytes. Error detail: G1 virtual space
# Possible reasons:
#   The system is out of physical RAM or swap space
#   This process is running with CompressedOops enabled, and the Java Heap may be blocking the growth of the native heap
# Possible solutions:
#   Reduce memory load on the system
#   Increase physical memory or swap space
#   Check if swap backing store is full
#   Decrease Java heap size (-Xmx/-Xms)
#   Decrease number of Java threads
#   Decrease Java thread stack sizes (-Xss)
#   Set larger code cache with -XX:ReservedCodeCacheSize=
#   JVM is running with Unscaled Compressed Oops mode in which the Java heap is
#     placed in the first 4GB address space. The Java Heap base address is the
#     maximum limit for the native heap growth. Please use -XX:HeapBaseMinAddress
#     to set the Java Heap base and to place the Java Heap above 4GB virtual address.
# This output file may be truncated or incomplete.
#
#  Out of Memory Error (os_windows.cpp:3618), pid=28480, tid=24304
#
# JRE version: OpenJDK Runtime Environment Temurin-17.0.16+8 (17.0.16+8) (build 17.0.16+8)
# Java VM: OpenJDK 64-Bit Server VM Temurin-17.0.16+8 (17.0.16+8, mixed mode, sharing, tiered, compressed oops, compressed class ptrs, g1 gc, windows-amd64)
# No core dump will be written. Minidumps are not enabled by default on client versions of Windows
#

---------------  S U M M A R Y ------------

Command Line: -Dmaven.home=EMBEDDED -Dclassworlds.conf=C:\Users\priya\eclipse-workspace-new\.metadata\.plugins\org.eclipse.m2e.launching\launches\m2conf5621893833618344423.tmp -Dmaven.multiModuleProjectDirectory=C:\Users\priya\eclipse-workspace-new\TaskManage -Dm2e.build.project.data.socket.port=53586 -Dfile.encoding=UTF-8 -Dstdout.encoding=UTF-8 -Dstderr.encoding=UTF-8 -XX:+ShowCodeDetailsInExceptionMessages org.codehaus.plexus.classworlds.launcher.Launcher -B -Dstyle.color=always install

Host: AMD Ryzen 3 3300U with Radeon Vega Mobile Gfx  , 4 cores, 3G,  Windows 11 , 64 bit Build 26100 (10.0.26100.7705)
Time: Sun Mar 15 19:22:28 2026 India Standard Time elapsed time: 9.856363 seconds (0d 0h 0m 9s)

---------------  T H R E A D  ---------------

Current thread (0x0000029b0d087aa0):  VMThread "VM Thread" [stack: 0x000000d31cc00000,0x000000d31cd00000] [id=24304]

Stack: [0x000000d31cc00000,0x000000d31cd00000]
Native frames: (J=compiled Java code, j=interpreted, Vv=VM code, C=native code)
V  [jvm.dll+0x683169]
V  [jvm.dll+0x839ac8]
V  [jvm.dll+0x83b573]
V  [jvm.dll+0x83bbe3]
V  [jvm.dll+0x2473ff]
V  [jvm.dll+0x67ff49]
V  [jvm.dll+0x674e3a]
V  [jvm.dll+0x304ea6]
V  [jvm.dll+0x30c366]
V  [jvm.dll+0x35deee]
V  [jvm.dll+0x35e12d]
V  [jvm.dll+0x2dc26c]
V  [jvm.dll+0x2df286]
V  [jvm.dll+0x2e99ac]
V  [jvm.dll+0x31d7cd]
V  [jvm.dll+0x84041d]
V  [jvm.dll+0x841153]
V  [jvm.dll+0x84167f]
V  [jvm.dll+0x841a64]
V  [jvm.dll+0x841b2e]
V  [jvm.dll+0x7e979c]
V  [jvm.dll+0x682047]
C  [ucrtbase.dll+0x37b0]
C  [KERNEL32.DLL+0x2e8d7]
C  [ntdll.dll+0x8c40c]

VM_Operation (0x000000d31c8ff890): G1PauseRemark, mode: safepoint, requested by thread 0x0000029b0d0226a0


---------------  P R O C E S S  ---------------

Threads class SMR info:
_java_thread_list=0x0000029b69552ce0, length=12, elements={
0x0000029b0cfe0c40, 0x0000029b0d08b3f0, 0x0000029b0d08e670, 0x0000029b6913dc70,
0x0000029b6913e540, 0x0000029b6913fdc0, 0x0000029b69147710, 0x0000029b69149ed0,
0x0000029b6914b030, 0x0000029b6919e830, 0x0000029b69274d40, 0x0000029b69296b20
}

Java Threads: ( => current thread )
  0x0000029b0cfe0c40 JavaThread "main" [_thread_blocked, id=29972, stack(0x000000d31c600000,0x000000d31c700000)]
  0x0000029b0d08b3f0 JavaThread "Reference Handler" daemon [_thread_blocked, id=30436, stack(0x000000d31cd00000,0x000000d31ce00000)]
  0x0000029b0d08e670 JavaThread "Finalizer" daemon [_thread_blocked, id=22764, stack(0x000000d31ce00000,0x000000d31cf00000)]
  0x0000029b6913dc70 JavaThread "Signal Dispatcher" daemon [_thread_blocked, id=2176, stack(0x000000d31cf00000,0x000000d31d000000)]
  0x0000029b6913e540 JavaThread "Attach Listener" daemon [_thread_blocked, id=25564, stack(0x000000d31d000000,0x000000d31d100000)]
  0x0000029b6913fdc0 JavaThread "Service Thread" daemon [_thread_blocked, id=27740, stack(0x000000d31d100000,0x000000d31d200000)]
  0x0000029b69147710 JavaThread "Monitor Deflation Thread" daemon [_thread_blocked, id=30692, stack(0x000000d31d200000,0x000000d31d300000)]
  0x0000029b69149ed0 JavaThread "C2 CompilerThread0" daemon [_thread_blocked, id=19788, stack(0x000000d31d300000,0x000000d31d400000)]
  0x0000029b6914b030 JavaThread "C1 CompilerThread0" daemon [_thread_blocked, id=1740, stack(0x000000d31d400000,0x000000d31d500000)]
  0x0000029b6919e830 JavaThread "Sweeper thread" daemon [_thread_blocked, id=27576, stack(0x000000d31d500000,0x000000d31d600000)]
  0x0000029b69274d40 JavaThread "Notification Thread" daemon [_thread_blocked, id=9160, stack(0x000000d31d600000,0x000000d31d700000)]
  0x0000029b69296b20 JavaThread "Common-Cleaner" daemon [_thread_blocked, id=14068, stack(0x000000d31d800000,0x000000d31d900000)]

Other Threads:
=>0x0000029b0d087aa0 VMThread "VM Thread" [stack: 0x000000d31cc00000,0x000000d31cd00000] [id=24304]
  0x0000029b69278650 WatcherThread [stack: 0x000000d31d700000,0x000000d31d800000] [id=10360]
  0x0000029b0d0194c0 GCTaskThread "GC Thread#0" [stack: 0x000000d31c700000,0x000000d31c800000] [id=26968]
  0x0000029b69a303f0 GCTaskThread "GC Thread#1" [stack: 0x000000d31d900000,0x000000d31da00000] [id=11996]
  0x0000029b69ae2540 GCTaskThread "GC Thread#2" [stack: 0x000000d31da00000,0x000000d31db00000] [id=14228]
  0x0000029b69ae2800 GCTaskThread "GC Thread#3" [stack: 0x000000d31db00000,0x000000d31dc00000] [id=29764]
  0x0000029b0d0226a0 ConcurrentGCThread "G1 Main Marker" [stack: 0x000000d31c800000,0x000000d31c900000] [id=24996]
  0x0000029b0d023e80 ConcurrentGCThread "G1 Conc#0" [stack: 0x000000d31c900000,0x000000d31ca00000] [id=25308]
  0x0000029b0d0652d0 ConcurrentGCThread "G1 Refine#0" [stack: 0x000000d31ca00000,0x000000d31cb00000] [id=17708]
  0x0000029b69a306b0 ConcurrentGCThread "G1 Refine#1" [stack: 0x000000d31dc00000,0x000000d31dd00000] [id=20408]
  0x0000029b0d066dc0 ConcurrentGCThread "G1 Service" [stack: 0x000000d31cb00000,0x000000d31cc00000] [id=5640]

Threads with active compile tasks:
C2 CompilerThread0     9913 4354       4       org.eclipse.aether.util.graph.transformer.ConflictResolver$State::push (457 bytes)

VM state: at safepoint (normal execution)

VM Mutex/Monitor currently owned by a thread:  ([mutex/lock_event])
[0x0000029b0cfdae60] Threads_lock - owner thread: 0x0000029b0d087aa0
[0x0000029b0cfda710] Heap_lock - owner thread: 0x0000029b0d0226a0

Heap address: 0x00000000c8e00000, size: 882 MB, Compressed Oops mode: 32-bit

CDS archive(s) mapped at: [0x0000029b28000000-0x0000029b28bb0000-0x0000029b28bb0000), size 12255232, SharedBaseAddress: 0x0000029b28000000, ArchiveRelocationMode: 1.
Compressed class space mapped at: 0x0000029b29000000-0x0000029b69000000, reserved size: 1073741824
Narrow klass base: 0x0000029b28000000, Narrow klass shift: 0, Narrow klass range: 0x100000000

GC Precious Log:
 CPUs: 4 total, 4 available
 Memory: 3526M
 Large Page Support: Disabled
 NUMA Support: Disabled
 Compressed Oops: Enabled (32-bit)
 Heap Region Size: 1M
 Heap Min Capacity: 8M
 Heap Initial Capacity: 56M
 Heap Max Capacity: 882M
 Pre-touch: Disabled
 Parallel Workers: 4
 Concurrent Workers: 1
 Concurrent Refinement Workers: 4
 Periodic GC: Disabled

Heap:
 garbage-first heap   total 69632K, used 47495K [0x00000000c8e00000, 0x0000000100000000)
  region size 1024K, 2 young (2048K), 1 survivors (1024K)
 Metaspace       used 18970K, committed 19264K, reserved 1114112K
  class space    used 2178K, committed 2304K, reserved 1048576K

Heap Regions: E=young(eden), S=young(survivor), O=old, HS=humongous(starts), HC=humongous(continues), CS=collection set, F=free, OA=open archive, CA=closed archive, TAMS=top-at-mark-start (previous, next)
|   0|0x00000000c8e00000, 0x00000000c8f00000, 0x00000000c8f00000|100%| O|  |TAMS 0x00000000c8f00000, 0x00000000c8e00000| Untracked 
|   1|0x00000000c8f00000, 0x00000000c9000000, 0x00000000c9000000|100%| O|  |TAMS 0x00000000c9000000, 0x00000000c8f00000| Untracked 
|   2|0x00000000c9000000, 0x00000000c9100000, 0x00000000c9100000|100%| O|  |TAMS 0x00000000c9100000, 0x00000000c9000000| Untracked 
|   3|0x00000000c9100000, 0x00000000c9200000, 0x00000000c9200000|100%| O|  |TAMS 0x00000000c9200000, 0x00000000c9100000| Untracked 
|   4|0x00000000c9200000, 0x00000000c9300000, 0x00000000c9300000|100%| O|  |TAMS 0x00000000c9300000, 0x00000000c9200000| Untracked 
|   5|0x00000000c9300000, 0x00000000c9400000, 0x00000000c9400000|100%| O|  |TAMS 0x00000000c9400000, 0x00000000c9300000| Untracked 
|   6|0x00000000c9400000, 0x00000000c9500000, 0x00000000c9500000|100%| O|  |TAMS 0x00000000c9500000, 0x00000000c9400000| Untracked 
|   7|0x00000000c9500000, 0x00000000c9600000, 0x00000000c9600000|100%| O|  |TAMS 0x00000000c9600000, 0x00000000c9500000| Untracked 
|   8|0x00000000c9600000, 0x00000000c9700000, 0x00000000c9700000|100%| O|  |TAMS 0x00000000c9700000, 0x00000000c9600000| Untracked 
|   9|0x00000000c9700000, 0x00000000c9800000, 0x00000000c9800000|100%| O|  |TAMS 0x00000000c9800000, 0x00000000c9700000| Untracked 
|  10|0x00000000c9800000, 0x00000000c9900000, 0x00000000c9900000|100%| O|  |TAMS 0x00000000c9900000, 0x00000000c9800000| Updating 
|  11|0x00000000c9900000, 0x00000000c9a00000, 0x00000000c9a00000|100%|HS|  |TAMS 0x00000000c9a00000, 0x00000000c9900000| Complete 
|  12|0x00000000c9a00000, 0x00000000c9b00000, 0x00000000c9b00000|100%|HC|  |TAMS 0x00000000c9b00000, 0x00000000c9a00000| Complete 
|  13|0x00000000c9b00000, 0x00000000c9c00000, 0x00000000c9c00000|100%|HC|  |TAMS 0x00000000c9c00000, 0x00000000c9b00000| Complete 
|  14|0x00000000c9c00000, 0x00000000c9d00000, 0x00000000c9d00000|100%|HC|  |TAMS 0x00000000c9d00000, 0x00000000c9c00000| Complete 
|  15|0x00000000c9d00000, 0x00000000c9e00000, 0x00000000c9e00000|100%|HC|  |TAMS 0x00000000c9e00000, 0x00000000c9d00000| Complete 
|  16|0x00000000c9e00000, 0x00000000c9f00000, 0x00000000c9f00000|100%|HC|  |TAMS 0x00000000c9f00000, 0x00000000c9e00000| Complete 
|  17|0x00000000c9f00000, 0x00000000ca000000, 0x00000000ca000000|100%|HC|  |TAMS 0x00000000ca000000, 0x00000000c9f00000| Complete 
|  18|0x00000000ca000000, 0x00000000ca100000, 0x00000000ca100000|100%|HC|  |TAMS 0x00000000ca100000, 0x00000000ca000000| Complete 
|  19|0x00000000ca100000, 0x00000000ca200000, 0x00000000ca200000|100%| O|  |TAMS 0x00000000ca200000, 0x00000000ca100000| Untracked 
|  20|0x00000000ca200000, 0x00000000ca300000, 0x00000000ca300000|100%| O|  |TAMS 0x00000000ca214000, 0x00000000ca200000| Untracked 
|  21|0x00000000ca300000, 0x00000000ca400000, 0x00000000ca400000|100%|HS|  |TAMS 0x00000000ca400000, 0x00000000ca300000| Complete 
|  22|0x00000000ca400000, 0x00000000ca500000, 0x00000000ca500000|100%|HC|  |TAMS 0x00000000ca500000, 0x00000000ca400000| Complete 
|  23|0x00000000ca500000, 0x00000000ca600000, 0x00000000ca600000|100%|HC|  |TAMS 0x00000000ca600000, 0x00000000ca500000| Complete 
|  24|0x00000000ca600000, 0x00000000ca700000, 0x00000000ca700000|100%|HC|  |TAMS 0x00000000ca700000, 0x00000000ca600000| Complete 
|  25|0x00000000ca700000, 0x00000000ca800000, 0x00000000ca800000|100%|HC|  |TAMS 0x00000000ca800000, 0x00000000ca700000| Complete 
|  26|0x00000000ca800000, 0x00000000ca900000, 0x00000000ca900000|100%|HC|  |TAMS 0x00000000ca900000, 0x00000000ca800000| Complete 
|  27|0x00000000ca900000, 0x00000000caa00000, 0x00000000caa00000|100%|HC|  |TAMS 0x00000000caa00000, 0x00000000ca900000| Complete 
|  28|0x00000000caa00000, 0x00000000cab00000, 0x00000000cab00000|100%|HC|  |TAMS 0x00000000cab00000, 0x00000000caa00000| Complete 
|  29|0x00000000cab00000, 0x00000000cac00000, 0x00000000cac00000|100%|HC|  |TAMS 0x00000000cac00000, 0x00000000cab00000| Complete 
|  30|0x00000000cac00000, 0x00000000cad00000, 0x00000000cad00000|100%|HC|  |TAMS 0x00000000cad00000, 0x00000000cac00000| Complete 
|  31|0x00000000cad00000, 0x00000000cae00000, 0x00000000cae00000|100%|HC|  |TAMS 0x00000000cae00000, 0x00000000cad00000| Complete 
|  32|0x00000000cae00000, 0x00000000caf00000, 0x00000000caf00000|100%|HC|  |TAMS 0x00000000caf00000, 0x00000000cae00000| Complete 
|  33|0x00000000caf00000, 0x00000000caf61c00, 0x00000000cb000000| 38%| O|  |TAMS 0x00000000caf00000, 0x00000000caf00000| Updating 
|  34|0x00000000cb000000, 0x00000000cb100000, 0x00000000cb100000|100%|HS|  |TAMS 0x00000000cb000000, 0x00000000cb000000| Complete 
|  35|0x00000000cb100000, 0x00000000cb200000, 0x00000000cb200000|100%|HC|  |TAMS 0x00000000cb100000, 0x00000000cb100000| Complete 
|  36|0x00000000cb200000, 0x00000000cb300000, 0x00000000cb300000|100%|HC|  |TAMS 0x00000000cb200000, 0x00000000cb200000| Complete 
|  37|0x00000000cb300000, 0x00000000cb400000, 0x00000000cb400000|100%|HC|  |TAMS 0x00000000cb300000, 0x00000000cb300000| Complete 
|  38|0x00000000cb400000, 0x00000000cb500000, 0x00000000cb500000|100%|HC|  |TAMS 0x00000000cb400000, 0x00000000cb400000| Complete 
|  39|0x00000000cb500000, 0x00000000cb600000, 0x00000000cb600000|100%|HC|  |TAMS 0x00000000cb500000, 0x00000000cb500000| Complete 
|  40|0x00000000cb600000, 0x00000000cb700000, 0x00000000cb700000|100%|HC|  |TAMS 0x00000000cb600000, 0x00000000cb600000| Complete 
|  41|0x00000000cb700000, 0x00000000cb800000, 0x00000000cb800000|100%|HC|  |TAMS 0x00000000cb700000, 0x00000000cb700000| Complete 
|  42|0x00000000cb800000, 0x00000000cb900000, 0x00000000cb900000|100%|HC|  |TAMS 0x00000000cb800000, 0x00000000cb800000| Complete 
|  43|0x00000000cb900000, 0x00000000cba00000, 0x00000000cba00000|100%|HC|  |TAMS 0x00000000cb900000, 0x00000000cb900000| Complete 
|  44|0x00000000cba00000, 0x00000000cbb00000, 0x00000000cbb00000|100%|HC|  |TAMS 0x00000000cba00000, 0x00000000cba00000| Complete 
|  45|0x00000000cbb00000, 0x00000000cbc00000, 0x00000000cbc00000|100%|HC|  |TAMS 0x00000000cbb00000, 0x00000000cbb00000| Complete 
|  46|0x00000000cbc00000, 0x00000000cbc00000, 0x00000000cbd00000|  0%| F|  |TAMS 0x00000000cbc00000, 0x00000000cbc00000| Untracked 
|  47|0x00000000cbd00000, 0x00000000cbd00000, 0x00000000cbe00000|  0%| F|  |TAMS 0x00000000cbd00000, 0x00000000cbd00000| Untracked 
|  48|0x00000000cbe00000, 0x00000000cbe00000, 0x00000000cbf00000|  0%| F|  |TAMS 0x00000000cbe00000, 0x00000000cbe00000| Untracked 
|  49|0x00000000cbf00000, 0x00000000cbf00000, 0x00000000cc000000|  0%| F|  |TAMS 0x00000000cbf00000, 0x00000000cbf00000| Untracked 
|  50|0x00000000cc000000, 0x00000000cc000000, 0x00000000cc100000|  0%| F|  |TAMS 0x00000000cc000000, 0x00000000cc000000| Untracked 
|  51|0x00000000cc100000, 0x00000000cc100000, 0x00000000cc200000|  0%| F|  |TAMS 0x00000000cc100000, 0x00000000cc100000| Untracked 
|  52|0x00000000cc200000, 0x00000000cc200000, 0x00000000cc300000|  0%| F|  |TAMS 0x00000000cc200000, 0x00000000cc200000| Untracked 
|  53|0x00000000cc300000, 0x00000000cc300000, 0x00000000cc400000|  0%| F|  |TAMS 0x00000000cc300000, 0x00000000cc300000| Untracked 
|  54|0x00000000cc400000, 0x00000000cc500000, 0x00000000cc500000|100%| S|CS|TAMS 0x00000000cc400000, 0x00000000cc400000| Complete 
|  55|0x00000000cc500000, 0x00000000cc500000, 0x00000000cc600000|  0%| F|  |TAMS 0x00000000cc500000, 0x00000000cc500000| Untracked 
|  56|0x00000000cc600000, 0x00000000cc600000, 0x00000000cc700000|  0%| F|  |TAMS 0x00000000cc600000, 0x00000000cc600000| Untracked 
|  57|0x00000000cc700000, 0x00000000cc700000, 0x00000000cc800000|  0%| F|  |TAMS 0x00000000cc700000, 0x00000000cc700000| Untracked 
|  58|0x00000000cc800000, 0x00000000cc800000, 0x00000000cc900000|  0%| F|  |TAMS 0x00000000cc800000, 0x00000000cc800000| Untracked 
|  59|0x00000000cc900000, 0x00000000cc900000, 0x00000000cca00000|  0%| F|  |TAMS 0x00000000cc900000, 0x00000000cc900000| Untracked 
|  60|0x00000000cca00000, 0x00000000cca00000, 0x00000000ccb00000|  0%| F|  |TAMS 0x00000000cca00000, 0x00000000cca00000| Untracked 
|  61|0x00000000ccb00000, 0x00000000ccb00000, 0x00000000ccc00000|  0%| F|  |TAMS 0x00000000ccb00000, 0x00000000ccb00000| Untracked 
|  62|0x00000000ccc00000, 0x00000000ccc00000, 0x00000000ccd00000|  0%| F|  |TAMS 0x00000000ccc00000, 0x00000000ccc00000| Untracked 
|  63|0x00000000ccd00000, 0x00000000ccd00000, 0x00000000cce00000|  0%| F|  |TAMS 0x00000000ccd00000, 0x00000000ccd00000| Untracked 
|  64|0x00000000cce00000, 0x00000000cce00000, 0x00000000ccf00000|  0%| F|  |TAMS 0x00000000cce00000, 0x00000000cce00000| Untracked 
|  65|0x00000000ccf00000, 0x00000000ccf00000, 0x00000000cd000000|  0%| F|  |TAMS 0x00000000ccf00000, 0x00000000ccf00000| Untracked 
|  66|0x00000000cd000000, 0x00000000cd000000, 0x00000000cd100000|  0%| F|  |TAMS 0x00000000cd000000, 0x00000000cd000000| Untracked 
|  67|0x00000000cd100000, 0x00000000cd16e820, 0x00000000cd200000| 43%| E|  |TAMS 0x00000000cd100000, 0x00000000cd100000| Complete 

Card table byte_map: [0x0000029b23b30000,0x0000029b23cf0000] _byte_map_base: 0x0000029b234e9000

Marking Bits (Prev, Next): (CMBitMap*) 0x0000029b0d019a30, (CMBitMap*) 0x0000029b0d0199f0
 Prev Bits: [0x0000029b24c80000, 0x0000029b25a48000)
 Next Bits: [0x0000029b23eb0000, 0x0000029b24c78000)

Polling page: 0x0000029b0af40000

Metaspace:

Usage:
  Non-class:     16.40 MB used.
      Class:      2.13 MB used.
       Both:     18.53 MB used.

Virtual space:
  Non-class space:       64.00 MB reserved,      16.56 MB ( 26%) committed,  1 nodes.
      Class space:        1.00 GB reserved,       2.25 MB ( <1%) committed,  1 nodes.
             Both:        1.06 GB reserved,      18.81 MB (  2%) committed. 

Chunk freelists:
   Non-Class:  14.86 MB
       Class:  13.73 MB
        Both:  28.59 MB

MaxMetaspaceSize: unlimited
CompressedClassSpaceSize: 1.00 GB
Initial GC threshold: 21.00 MB
Current GC threshold: 21.00 MB
CDS: on
MetaspaceReclaimPolicy: balanced
 - commit_granule_bytes: 65536.
 - commit_granule_words: 8192.
 - virtual_space_node_default_size: 8388608.
 - enlarge_chunks_in_place: 1.
 - new_chunks_are_fully_committed: 0.
 - uncommit_free_chunks: 1.
 - use_allocation_guard: 0.
 - handle_deallocations: 1.


Internal statistics:

num_allocs_failed_limit: 0.
num_arena_births: 122.
num_arena_deaths: 0.
num_vsnodes_births: 2.
num_vsnodes_deaths: 0.
num_space_committed: 301.
num_space_uncommitted: 0.
num_chunks_returned_to_freelist: 0.
num_chunks_taken_from_freelist: 757.
num_chunk_merges: 0.
num_chunk_splits: 497.
num_chunks_enlarged: 382.
num_inconsistent_stats: 0.

CodeHeap 'non-profiled nmethods': size=120000Kb used=2071Kb max_used=2071Kb free=117928Kb
 bounds [0x0000029b1c600000, 0x0000029b1c870000, 0x0000029b23b30000]
CodeHeap 'profiled nmethods': size=120000Kb used=9609Kb max_used=9609Kb free=110390Kb
 bounds [0x0000029b14b30000, 0x0000029b154a0000, 0x0000029b1c060000]
CodeHeap 'non-nmethods': size=5760Kb used=1192Kb max_used=1241Kb free=4567Kb
 bounds [0x0000029b1c060000, 0x0000029b1c2d0000, 0x0000029b1c600000]
 total_blobs=4928 nmethods=4441 adapters=399
 compilation: enabled
              stopped_count=0, restarted_count=0
 full_count=0

Compilation events (20 events):
Event: 7.796 Thread 0x0000029b6914b030 4438       3       java.io.BufferedReader::ensureOpen (18 bytes)
Event: 7.797 Thread 0x0000029b6914b030 nmethod 4438 0x0000029b15485a10 code [0x0000029b15485bc0, 0x0000029b15485dc8]
Event: 7.797 Thread 0x0000029b6914b030 4439       3       org.apache.maven.shared.filtering.BoundedReader::read (31 bytes)
Event: 7.797 Thread 0x0000029b6914b030 nmethod 4439 0x0000029b15485e90 code [0x0000029b15486040, 0x0000029b15486288]
Event: 7.797 Thread 0x0000029b6914b030 4440   !   3       java.io.BufferedReader::read (104 bytes)
Event: 7.797 Thread 0x0000029b6914b030 nmethod 4440 0x0000029b15486390 code [0x0000029b154865a0, 0x0000029b15486b58]
Event: 7.798 Thread 0x0000029b6914b030 4441       1       org.codehaus.plexus.interpolation.multi.DelimiterSpecification::getBegin (5 bytes)
Event: 7.798 Thread 0x0000029b6914b030 nmethod 4441 0x0000029b1c805990 code [0x0000029b1c805b20, 0x0000029b1c805bf8]
Event: 7.798 Thread 0x0000029b6914b030 4442       3       org.apache.maven.shared.filtering.BoundedReader::reset (13 bytes)
Event: 7.798 Thread 0x0000029b6914b030 nmethod 4442 0x0000029b15486e90 code [0x0000029b15487040, 0x0000029b15487228]
Event: 7.798 Thread 0x0000029b6914b030 4443   !   3       java.io.BufferedReader::reset (69 bytes)
Event: 7.798 Thread 0x0000029b6914b030 nmethod 4443 0x0000029b15487310 code [0x0000029b15487500, 0x0000029b154879d8]
Event: 7.799 Thread 0x0000029b6914b030 4444   !   3       org.apache.maven.shared.filtering.MultiDelimiterInterpolatorFilterReaderLineEnding::read (734 bytes)
Event: 7.805 Thread 0x0000029b6914b030 nmethod 4444 0x0000029b15487c90 code [0x0000029b15488640, 0x0000029b1548eae8]
Event: 7.805 Thread 0x0000029b6914b030 4445   !   3       java.io.BufferedReader::mark (57 bytes)
Event: 7.806 Thread 0x0000029b6914b030 nmethod 4445 0x0000029b15490e90 code [0x0000029b15491080, 0x0000029b15491518]
Event: 7.806 Thread 0x0000029b6914b030 4446       3       java.lang.Math::min (12 bytes)
Event: 7.806 Thread 0x0000029b6914b030 nmethod 4446 0x0000029b15491710 code [0x0000029b154918a0, 0x0000029b154919d8]
Event: 7.806 Thread 0x0000029b6914b030 4447   !   3       java.io.Reader::skip (121 bytes)
Event: 7.807 Thread 0x0000029b6914b030 nmethod 4447 0x0000029b15491a90 code [0x0000029b15491ca0, 0x0000029b15492478]

GC Heap History (18 events):
Event: 2.502 GC heap before
{Heap before GC invocations=0 (full 0):
 garbage-first heap   total 57344K, used 13312K [0x00000000c8e00000, 0x0000000100000000)
  region size 1024K, 13 young (13312K), 0 survivors (0K)
 Metaspace       used 5065K, committed 5184K, reserved 1114112K
  class space    used 535K, committed 576K, reserved 1048576K
}
Event: 2.509 GC heap after
{Heap after GC invocations=1 (full 0):
 garbage-first heap   total 57344K, used 3660K [0x00000000c8e00000, 0x0000000100000000)
  region size 1024K, 2 young (2048K), 2 survivors (2048K)
 Metaspace       used 5065K, committed 5184K, reserved 1114112K
  class space    used 535K, committed 576K, reserved 1048576K
}
Event: 2.851 GC heap before
{Heap before GC invocations=1 (full 0):
 garbage-first heap   total 57344K, used 13900K [0x00000000c8e00000, 0x0000000100000000)
  region size 1024K, 12 young (12288K), 2 survivors (2048K)
 Metaspace       used 7351K, committed 7552K, reserved 1114112K
  class space    used 856K, committed 960K, reserved 1048576K
}
Event: 2.856 GC heap after
{Heap after GC invocations=2 (full 0):
 garbage-first heap   total 57344K, used 4341K [0x00000000c8e00000, 0x0000000100000000)
  region size 1024K, 1 young (1024K), 1 survivors (1024K)
 Metaspace       used 7351K, committed 7552K, reserved 1114112K
  class space    used 856K, committed 960K, reserved 1048576K
}
Event: 3.440 GC heap before
{Heap before GC invocations=2 (full 0):
 garbage-first heap   total 57344K, used 26869K [0x00000000c8e00000, 0x0000000100000000)
  region size 1024K, 23 young (23552K), 1 survivors (1024K)
 Metaspace       used 9714K, committed 9856K, reserved 1114112K
  class space    used 1138K, committed 1216K, reserved 1048576K
}
Event: 3.444 GC heap after
{Heap after GC invocations=3 (full 0):
 garbage-first heap   total 57344K, used 5072K [0x00000000c8e00000, 0x0000000100000000)
  region size 1024K, 2 young (2048K), 2 survivors (2048K)
 Metaspace       used 9714K, committed 9856K, reserved 1114112K
  class space    used 1138K, committed 1216K, reserved 1048576K
}
Event: 4.743 GC heap before
{Heap before GC invocations=3 (full 0):
 garbage-first heap   total 57344K, used 36816K [0x00000000c8e00000, 0x0000000100000000)
  region size 1024K, 33 young (33792K), 2 survivors (2048K)
 Metaspace       used 16034K, committed 16256K, reserved 1114112K
  class space    used 1937K, committed 2048K, reserved 1048576K
}
Event: 4.752 GC heap after
{Heap after GC invocations=4 (full 0):
 garbage-first heap   total 57344K, used 8057K [0x00000000c8e00000, 0x0000000100000000)
  region size 1024K, 5 young (5120K), 5 survivors (5120K)
 Metaspace       used 16034K, committed 16256K, reserved 1114112K
  class space    used 1937K, committed 2048K, reserved 1048576K
}
Event: 5.572 GC heap before
{Heap before GC invocations=4 (full 0):
 garbage-first heap   total 57344K, used 36729K [0x00000000c8e00000, 0x0000000100000000)
  region size 1024K, 33 young (33792K), 5 survivors (5120K)
 Metaspace       used 17157K, committed 17344K, reserved 1114112K
  class space    used 2031K, committed 2112K, reserved 1048576K
}
Event: 5.586 GC heap after
{Heap after GC invocations=5 (full 0):
 garbage-first heap   total 57344K, used 11535K [0x00000000c8e00000, 0x0000000100000000)
  region size 1024K, 4 young (4096K), 4 survivors (4096K)
 Metaspace       used 17157K, committed 17344K, reserved 1114112K
  class space    used 2031K, committed 2112K, reserved 1048576K
}
Event: 6.326 GC heap before
{Heap before GC invocations=5 (full 0):
 garbage-first heap   total 57344K, used 40207K [0x00000000c8e00000, 0x0000000100000000)
  region size 1024K, 32 young (32768K), 4 survivors (4096K)
 Metaspace       used 17540K, committed 17728K, reserved 1114112K
  class space    used 2054K, committed 2176K, reserved 1048576K
}
Event: 6.336 GC heap after
{Heap after GC invocations=6 (full 0):
 garbage-first heap   total 57344K, used 13296K [0x00000000c8e00000, 0x0000000100000000)
  region size 1024K, 2 young (2048K), 2 survivors (2048K)
 Metaspace       used 17540K, committed 17728K, reserved 1114112K
  class space    used 2054K, committed 2176K, reserved 1048576K
}
Event: 7.471 GC heap before
{Heap before GC invocations=6 (full 0):
 garbage-first heap   total 57344K, used 41968K [0x00000000c8e00000, 0x0000000100000000)
  region size 1024K, 30 young (30720K), 2 survivors (2048K)
 Metaspace       used 18031K, committed 18240K, reserved 1114112K
  class space    used 2074K, committed 2176K, reserved 1048576K
}
Event: 7.478 GC heap after
{Heap after GC invocations=7 (full 0):
 garbage-first heap   total 57344K, used 13962K [0x00000000c8e00000, 0x0000000100000000)
  region size 1024K, 3 young (3072K), 3 survivors (3072K)
 Metaspace       used 18031K, committed 18240K, reserved 1114112K
  class space    used 2074K, committed 2176K, reserved 1048576K
}
Event: 7.777 GC heap before
{Heap before GC invocations=7 (full 0):
 garbage-first heap   total 57344K, used 30346K [0x00000000c8e00000, 0x0000000100000000)
  region size 1024K, 12 young (12288K), 3 survivors (3072K)
 Metaspace       used 18943K, committed 19136K, reserved 1114112K
  class space    used 2175K, committed 2240K, reserved 1048576K
}
Event: 7.783 GC heap after
{Heap after GC invocations=8 (full 0):
 garbage-first heap   total 57344K, used 23076K [0x00000000c8e00000, 0x0000000100000000)
  region size 1024K, 3 young (3072K), 3 survivors (3072K)
 Metaspace       used 18943K, committed 19136K, reserved 1114112K
  class space    used 2175K, committed 2240K, reserved 1048576K
}
Event: 7.786 GC heap before
{Heap before GC invocations=8 (full 0):
 garbage-first heap   total 57344K, used 35364K [0x00000000c8e00000, 0x0000000100000000)
  region size 1024K, 4 young (4096K), 3 survivors (3072K)
 Metaspace       used 18943K, committed 19136K, reserved 1114112K
  class space    used 2175K, committed 2240K, reserved 1048576K
}
Event: 7.790 GC heap after
{Heap after GC invocations=9 (full 0):
 garbage-first heap   total 69632K, used 35207K [0x00000000c8e00000, 0x0000000100000000)
  region size 1024K, 1 young (1024K), 1 survivors (1024K)
 Metaspace       used 18943K, committed 19136K, reserved 1114112K
  class space    used 2175K, committed 2240K, reserved 1048576K
}

Dll operation events (9 events):
Event: 0.108 Loaded shared library C:\Program Files\Eclipse Adoptium\jdk-17.0.16.8-hotspot\bin\java.dll
Event: 0.207 Loaded shared library C:\Program Files\Eclipse Adoptium\jdk-17.0.16.8-hotspot\bin\jsvml.dll
Event: 0.309 Loaded shared library C:\Program Files\Eclipse Adoptium\jdk-17.0.16.8-hotspot\bin\net.dll
Event: 0.315 Loaded shared library C:\Program Files\Eclipse Adoptium\jdk-17.0.16.8-hotspot\bin\nio.dll
Event: 0.325 Loaded shared library C:\Program Files\Eclipse Adoptium\jdk-17.0.16.8-hotspot\bin\zip.dll
Event: 0.671 Loaded shared library C:\Program Files\Eclipse Adoptium\jdk-17.0.16.8-hotspot\bin\jimage.dll
Event: 0.948 Loaded shared library C:\Users\priya\AppData\Local\Temp\jansi-2.4.1-b3b29770dcac445b-jansi.dll
Event: 3.992 Loaded shared library C:\Program Files\Eclipse Adoptium\jdk-17.0.16.8-hotspot\bin\verify.dll
Event: 4.412 Loaded shared library C:\Program Files\Eclipse Adoptium\jdk-17.0.16.8-hotspot\bin\extnet.dll

Deoptimization events (20 events):
Event: 7.634 Thread 0x0000029b0cfe0c40 Uncommon trap: trap_request=0xffffffc6 fr.pc=0x0000029b1c6efca0 relative=0x0000000000000080
Event: 7.634 Thread 0x0000029b0cfe0c40 Uncommon trap: reason=bimorphic_or_optimized_type_check action=maybe_recompile pc=0x0000029b1c6efca0 method=com.google.inject.internal.LinkedBindingImpl.acceptTargetVisitor(Lcom/google/inject/spi/BindingTargetVisitor;)Ljava/lang/Object; @ 2 c2
Event: 7.634 Thread 0x0000029b0cfe0c40 DEOPT PACKING pc=0x0000029b1c6efca0 sp=0x000000d31c6fd260
Event: 7.634 Thread 0x0000029b0cfe0c40 DEOPT UNPACKING pc=0x0000029b1c0b69a3 sp=0x000000d31c6fd1e8 mode 2
Event: 7.634 Thread 0x0000029b0cfe0c40 Uncommon trap: trap_request=0xffffffc6 fr.pc=0x0000029b1c6efca0 relative=0x0000000000000080
Event: 7.634 Thread 0x0000029b0cfe0c40 Uncommon trap: reason=bimorphic_or_optimized_type_check action=maybe_recompile pc=0x0000029b1c6efca0 method=com.google.inject.internal.LinkedBindingImpl.acceptTargetVisitor(Lcom/google/inject/spi/BindingTargetVisitor;)Ljava/lang/Object; @ 2 c2
Event: 7.634 Thread 0x0000029b0cfe0c40 DEOPT PACKING pc=0x0000029b1c6efca0 sp=0x000000d31c6fd260
Event: 7.634 Thread 0x0000029b0cfe0c40 DEOPT UNPACKING pc=0x0000029b1c0b69a3 sp=0x000000d31c6fd1e8 mode 2
Event: 7.647 Thread 0x0000029b0cfe0c40 Uncommon trap: trap_request=0xffffffc6 fr.pc=0x0000029b1c6efca0 relative=0x0000000000000080
Event: 7.647 Thread 0x0000029b0cfe0c40 Uncommon trap: reason=bimorphic_or_optimized_type_check action=maybe_recompile pc=0x0000029b1c6efca0 method=com.google.inject.internal.LinkedBindingImpl.acceptTargetVisitor(Lcom/google/inject/spi/BindingTargetVisitor;)Ljava/lang/Object; @ 2 c2
Event: 7.647 Thread 0x0000029b0cfe0c40 DEOPT PACKING pc=0x0000029b1c6efca0 sp=0x000000d31c6fd260
Event: 7.647 Thread 0x0000029b0cfe0c40 DEOPT UNPACKING pc=0x0000029b1c0b69a3 sp=0x000000d31c6fd1e8 mode 2
Event: 7.648 Thread 0x0000029b0cfe0c40 Uncommon trap: trap_request=0xffffffc6 fr.pc=0x0000029b1c6efca0 relative=0x0000000000000080
Event: 7.648 Thread 0x0000029b0cfe0c40 Uncommon trap: reason=bimorphic_or_optimized_type_check action=maybe_recompile pc=0x0000029b1c6efca0 method=com.google.inject.internal.LinkedBindingImpl.acceptTargetVisitor(Lcom/google/inject/spi/BindingTargetVisitor;)Ljava/lang/Object; @ 2 c2
Event: 7.648 Thread 0x0000029b0cfe0c40 DEOPT PACKING pc=0x0000029b1c6efca0 sp=0x000000d31c6fd260
Event: 7.648 Thread 0x0000029b0cfe0c40 DEOPT UNPACKING pc=0x0000029b1c0b69a3 sp=0x000000d31c6fd1e8 mode 2
Event: 7.665 Thread 0x0000029b0cfe0c40 Uncommon trap: trap_request=0xffffff45 fr.pc=0x0000029b1c7cd3e4 relative=0x0000000000002de4
Event: 7.665 Thread 0x0000029b0cfe0c40 Uncommon trap: reason=unstable_if action=reinterpret pc=0x0000029b1c7cd3e4 method=org.eclipse.sisu.inject.LocatedBeans$Itr.hasNext()Z @ 81 c2
Event: 7.665 Thread 0x0000029b0cfe0c40 DEOPT PACKING pc=0x0000029b1c7cd3e4 sp=0x000000d31c6fdab0
Event: 7.665 Thread 0x0000029b0cfe0c40 DEOPT UNPACKING pc=0x0000029b1c0b69a3 sp=0x000000d31c6fdae0 mode 2

Classes loaded (20 events):
Event: 7.701 Loading class java/time/zone/ZoneRulesProvider
Event: 7.702 Loading class java/time/zone/ZoneRulesProvider done
Event: 7.702 Loading class java/time/zone/ZoneRulesProvider$1
Event: 7.702 Loading class java/time/zone/ZoneRulesProvider$1 done
Event: 7.702 Loading class java/time/zone/TzdbZoneRulesProvider
Event: 7.702 Loading class java/time/zone/TzdbZoneRulesProvider done
Event: 7.706 Loading class java/time/zone/Ser
Event: 7.706 Loading class java/io/Externalizable
Event: 7.706 Loading class java/io/Externalizable done
Event: 7.706 Loading class java/time/zone/Ser done
Event: 7.715 Loading class jdk/internal/reflect/UnsafeBooleanFieldAccessorImpl
Event: 7.715 Loading class jdk/internal/reflect/UnsafeBooleanFieldAccessorImpl done
Event: 7.736 Loading class java/lang/Character$UnicodeBlock
Event: 7.737 Loading class java/lang/Character$Subset
Event: 7.737 Loading class java/lang/Character$Subset done
Event: 7.737 Loading class java/lang/Character$UnicodeBlock done
Event: 7.807 Loading class java/nio/BufferMismatch
Event: 7.808 Loading class java/nio/BufferMismatch done
Event: 7.811 Loading class java/nio/file/attribute/PosixFileAttributes
Event: 7.812 Loading class java/nio/file/attribute/PosixFileAttributes done

Classes unloaded (0 events):
No events

Classes redefined (0 events):
No events

Internal exceptions (20 events):
Event: 2.790 Thread 0x0000029b0cfe0c40 Exception <a 'java/lang/NoClassDefFoundError'{0x00000000cbe377f8}: javax/enterprise/inject/Typed> (0x00000000cbe377f8) 
thrown [s\src\hotspot\share\classfile\systemDictionary.cpp, line 245]
Event: 3.975 Thread 0x0000029b0cfe0c40 Exception <a 'java/lang/NoSuchMethodError'{0x00000000cb82bf30}: 'void java.lang.invoke.DirectMethodHandle$Holder.invokeStaticInit(java.lang.Object, java.lang.Object, java.lang.Object)'> (0x00000000cb82bf30) 
thrown [s\src\hotspot\share\interpreter\linkResolver.cpp, line 759]
Event: 3.986 Thread 0x0000029b0cfe0c40 Exception <a 'java/lang/ExceptionInInitializerError'{0x00000000cb858f20}> (0x00000000cb858f20) 
thrown [s\src\hotspot\share\oops\instanceKlass.cpp, line 1218]
Event: 4.035 Thread 0x0000029b0cfe0c40 Implicit null exception at 0x0000029b1c681baf to 0x0000029b1c681d0c
Event: 4.037 Thread 0x0000029b0cfe0c40 Exception <a 'java/lang/NoSuchMethodError'{0x00000000cb76ac38}: 'java.lang.Object java.lang.invoke.Invokers$Holder.invokeExact_MT(java.lang.Object, int, java.lang.Object)'> (0x00000000cb76ac38) 
thrown [s\src\hotspot\share\interpreter\linkResolver.cpp, line 759]
Event: 4.054 Thread 0x0000029b0cfe0c40 Exception <a 'java/lang/NoSuchMethodError'{0x00000000cb7d6390}: 'int java.lang.invoke.DirectMethodHandle$Holder.invokeSpecial(java.lang.Object, java.lang.Object, java.lang.Object, java.lang.Object)'> (0x00000000cb7d6390) 
thrown [s\src\hotspot\share\interpreter\linkResolver.cpp, line 759]
Event: 4.363 Thread 0x0000029b0cfe0c40 Exception <a 'java/lang/NoClassDefFoundError'{0x00000000cac0cd80}: com/google/inject/servlet/ServletModuleTargetVisitor> (0x00000000cac0cd80) 
thrown [s\src\hotspot\share\classfile\systemDictionary.cpp, line 245]
Event: 4.478 Thread 0x0000029b0cfe0c40 Exception <a 'java/lang/NoSuchMethodError'{0x00000000cabac5e0}: 'void java.lang.invoke.DirectMethodHandle$Holder.invokeVirtual(java.lang.Object, java.lang.Object)'> (0x00000000cabac5e0) 
thrown [s\src\hotspot\share\interpreter\linkResolver.cpp, line 759]
Event: 4.491 Thread 0x0000029b0cfe0c40 Exception <a 'java/lang/NoSuchMethodError'{0x00000000cabe9530}: 'java.lang.Object java.lang.invoke.DirectMethodHandle$Holder.invokeStaticInit(java.lang.Object, int, int, int, int)'> (0x00000000cabe9530) 
thrown [s\src\hotspot\share\interpreter\linkResolver.cpp, line 759]
Event: 4.646 Thread 0x0000029b0cfe0c40 Implicit null exception at 0x0000029b1c626f72 to 0x0000029b1c62753c
Event: 4.646 Thread 0x0000029b0cfe0c40 Implicit null exception at 0x0000029b1c63dff2 to 0x0000029b1c63e5cc
Event: 4.706 Thread 0x0000029b0cfe0c40 Exception <a 'java/lang/NoSuchMethodError'{0x00000000ca6ac138}: 'void java.lang.invoke.DirectMethodHandle$Holder.invokeSpecial(java.lang.Object, java.lang.Object, java.lang.Object, java.lang.Object, java.lang.Object)'> (0x00000000ca6ac138) 
thrown [s\src\hotspot\share\interpreter\linkResolver.cpp, line 759]
Event: 4.709 Thread 0x0000029b0cfe0c40 Exception <a 'java/lang/NoSuchMethodError'{0x00000000ca6c5238}: 'void java.lang.invoke.DirectMethodHandle$Holder.invokeSpecial(java.lang.Object, java.lang.Object, java.lang.Object, java.lang.Object, java.lang.Object, java.lang.Object)'> (0x00000000ca6c5238) 
thrown [s\src\hotspot\share\interpreter\linkResolver.cpp, line 759]
Event: 4.735 Thread 0x0000029b0cfe0c40 Exception <a 'java/lang/NoSuchMethodError'{0x00000000ca5d6a78}: 'java.lang.Object java.lang.invoke.DirectMethodHandle$Holder.invokeVirtual(java.lang.Object, java.lang.Object, java.lang.Object)'> (0x00000000ca5d6a78) 
thrown [s\src\hotspot\share\interpreter\linkResolver.cpp, line 759]
Event: 5.594 Thread 0x0000029b0cfe0c40 Exception <a 'java/lang/NoSuchMethodError'{0x00000000cc54b5a8}: 'int java.lang.invoke.DirectMethodHandle$Holder.invokeSpecialIFC(java.lang.Object, java.lang.Object, java.lang.Object, java.lang.Object)'> (0x00000000cc54b5a8) 
thrown [s\src\hotspot\share\interpreter\linkResolver.cpp, line 759]
Event: 7.375 Thread 0x0000029b0cfe0c40 Exception <a 'java/lang/NoSuchMethodError'{0x00000000cad3a180}: 'java.lang.Object java.lang.invoke.DirectMethodHandle$Holder.newInvokeSpecial(java.lang.Object, java.lang.Object, java.lang.Object, java.lang.Object, java.lang.Object, java.lang.Object, java.lang.Object)'> (0x00000000cad3a180) 
thrown [s\src\hotspot\share\interpreter\linkResolver.cpp, line 759]
Event: 7.376 Thread 0x0000029b0cfe0c40 Exception <a 'java/lang/NoSuchMethodError'{0x00000000cad3ea90}: 'java.lang.Object java.lang.invoke.Invokers$Holder.linkToTargetMethod(java.lang.Object, java.lang.Object, java.lang.Object, java.lang.Object, java.lang.Object, java.lang.Object, java.lang.Object)'> (0x00000000cad3ea90) 
thrown [s\src\hotspot\share\interpreter\linkResolver.cpp, line 759]
Event: 7.665 Thread 0x0000029b0cfe0c40 Implicit null exception at 0x0000029b1c7cae8f to 0x0000029b1c7cd3d4
Event: 7.676 Thread 0x0000029b0cfe0c40 Exception <a 'java/lang/NoSuchMethodError'{0x00000000cbf1d728}: 'int java.lang.invoke.DirectMethodHandle$Holder.invokeVirtual(java.lang.Object, java.lang.Object)'> (0x00000000cbf1d728) 
thrown [s\src\hotspot\share\interpreter\linkResolver.cpp, line 759]
Event: 7.740 Thread 0x0000029b0cfe0c40 Exception <a 'java/lang/NoSuchMethodError'{0x00000000cbd01420}: 'int java.lang.invoke.DirectMethodHandle$Holder.invokeStatic(java.lang.Object, java.lang.Object, int)'> (0x00000000cbd01420) 
thrown [s\src\hotspot\share\interpreter\linkResolver.cpp, line 759]

VM Operations (20 events):
Event: 4.752 Executing VM operation: G1CollectForAllocation done
Event: 5.320 Executing VM operation: ICBufferFull
Event: 5.320 Executing VM operation: ICBufferFull done
Event: 5.572 Executing VM operation: G1CollectForAllocation
Event: 5.586 Executing VM operation: G1CollectForAllocation done
Event: 5.711 Executing VM operation: HandshakeAllThreads
Event: 5.711 Executing VM operation: HandshakeAllThreads done
Event: 6.178 Executing VM operation: ICBufferFull
Event: 6.178 Executing VM operation: ICBufferFull done
Event: 6.326 Executing VM operation: G1CollectForAllocation
Event: 6.336 Executing VM operation: G1CollectForAllocation done
Event: 7.344 Executing VM operation: Cleanup
Event: 7.344 Executing VM operation: Cleanup done
Event: 7.471 Executing VM operation: G1CollectForAllocation
Event: 7.478 Executing VM operation: G1CollectForAllocation done
Event: 7.777 Executing VM operation: G1TryInitiateConcMark
Event: 7.783 Executing VM operation: G1TryInitiateConcMark done
Event: 7.786 Executing VM operation: G1TryInitiateConcMark
Event: 7.790 Executing VM operation: G1TryInitiateConcMark done
Event: 7.815 Executing VM operation: G1PauseRemark

Memory protections (0 events):
No events

Nmethod flushes (0 events):
No events

Events (14 events):
Event: 0.207 Thread 0x0000029b0cfe0c40 Thread added: 0x0000029b0cfe0c40
Event: 0.218 Thread 0x0000029b0cfe0c40 Thread added: 0x0000029b0d08b3f0
Event: 0.218 Thread 0x0000029b0cfe0c40 Thread added: 0x0000029b0d08e670
Event: 0.245 Thread 0x0000029b0cfe0c40 Thread added: 0x0000029b6913dc70
Event: 0.246 Thread 0x0000029b0cfe0c40 Thread added: 0x0000029b6913e540
Event: 0.247 Thread 0x0000029b0cfe0c40 Thread added: 0x0000029b6913fdc0
Event: 0.248 Thread 0x0000029b0cfe0c40 Thread added: 0x0000029b69147710
Event: 0.248 Thread 0x0000029b0cfe0c40 Thread added: 0x0000029b69149ed0
Event: 0.250 Thread 0x0000029b0cfe0c40 Thread added: 0x0000029b6914b030
Event: 0.252 Thread 0x0000029b0cfe0c40 Thread added: 0x0000029b6919e830
Event: 0.292 Thread 0x0000029b0cfe0c40 Thread added: 0x0000029b69274d40
Event: 0.298 Thread 0x0000029b0cfe0c40 Thread added: 0x0000029b69296b20
Event: 0.666 Thread 0x0000029b0cfe0c40 Thread added: 0x0000029b69568f70
Event: 0.834 Thread 0x0000029b69568f70 Thread exited: 0x0000029b69568f70


Dynamic libraries:
0x00007ff622e10000 - 0x00007ff622e1e000 	C:\Program Files\Eclipse Adoptium\jdk-17.0.16.8-hotspot\bin\javaw.exe
0x00007ff89b080000 - 0x00007ff89b2e8000 	C:\WINDOWS\SYSTEM32\ntdll.dll
0x00007ff868790000 - 0x00007ff8687b0000 	C:\Program Files\Avast Software\Avast\aswhook.dll
0x00007ff8994f0000 - 0x00007ff8995b9000 	C:\WINDOWS\System32\KERNEL32.DLL
0x00007ff897d70000 - 0x00007ff898161000 	C:\WINDOWS\System32\KERNELBASE.dll
0x00007ff897c20000 - 0x00007ff897d6b000 	C:\WINDOWS\System32\ucrtbase.dll
0x00007ff88ba20000 - 0x00007ff88ba37000 	C:\Program Files\Eclipse Adoptium\jdk-17.0.16.8-hotspot\bin\jli.dll
0x00007ff89ad20000 - 0x00007ff89aee6000 	C:\WINDOWS\System32\USER32.dll
0x00007ff898170000 - 0x00007ff898197000 	C:\WINDOWS\System32\win32u.dll
0x00007ff8995c0000 - 0x00007ff8995eb000 	C:\WINDOWS\System32\GDI32.dll
0x00007ff898c30000 - 0x00007ff898d5b000 	C:\WINDOWS\System32\gdi32full.dll
0x00007ff88b980000 - 0x00007ff88b99e000 	C:\Program Files\Eclipse Adoptium\jdk-17.0.16.8-hotspot\bin\VCRUNTIME140.dll
0x00007ff897ae0000 - 0x00007ff897b83000 	C:\WINDOWS\System32\msvcp_win.dll
0x00007ff8852e0000 - 0x00007ff885573000 	C:\WINDOWS\WinSxS\amd64_microsoft.windows.common-controls_6595b64144ccf1df_6.0.26100.7824_none_3e0870b2e3345462\COMCTL32.dll
0x00007ff89af90000 - 0x00007ff89b039000 	C:\WINDOWS\System32\msvcrt.dll
0x00007ff8993a0000 - 0x00007ff8993d1000 	C:\WINDOWS\System32\IMM32.DLL
0x00007ff88dc50000 - 0x00007ff88dc5c000 	C:\Program Files\Eclipse Adoptium\jdk-17.0.16.8-hotspot\bin\vcruntime140_1.dll
0x00007ff822dd0000 - 0x00007ff822e5d000 	C:\Program Files\Eclipse Adoptium\jdk-17.0.16.8-hotspot\bin\msvcp140.dll
0x00007fffcdce0000 - 0x00007fffce94b000 	C:\Program Files\Eclipse Adoptium\jdk-17.0.16.8-hotspot\bin\server\jvm.dll
0x00007ff8992e0000 - 0x00007ff899394000 	C:\WINDOWS\System32\ADVAPI32.dll
0x00007ff89a6c0000 - 0x00007ff89a766000 	C:\WINDOWS\System32\sechost.dll
0x00007ff89a550000 - 0x00007ff89a668000 	C:\WINDOWS\System32\RPCRT4.dll
0x00007ff89af00000 - 0x00007ff89af74000 	C:\WINDOWS\System32\WS2_32.dll
0x00007ff8916e0000 - 0x00007ff891715000 	C:\WINDOWS\SYSTEM32\WINMM.dll
0x00007ff891720000 - 0x00007ff89172b000 	C:\WINDOWS\SYSTEM32\VERSION.dll
0x00007ff8977c0000 - 0x00007ff89781e000 	C:\WINDOWS\SYSTEM32\POWRPROF.dll
0x00007ff8977a0000 - 0x00007ff8977b4000 	C:\WINDOWS\SYSTEM32\UMPDC.dll
0x00007ff896700000 - 0x00007ff89671b000 	C:\WINDOWS\SYSTEM32\kernel.appcore.dll
0x00007ff88b9e0000 - 0x00007ff88b9ea000 	C:\Program Files\Eclipse Adoptium\jdk-17.0.16.8-hotspot\bin\jimage.dll
0x00007ff88bc20000 - 0x00007ff88be62000 	C:\WINDOWS\SYSTEM32\DBGHELP.DLL
0x00007ff89a990000 - 0x00007ff89ad16000 	C:\WINDOWS\System32\combase.dll
0x00007ff899fb0000 - 0x00007ff89a087000 	C:\WINDOWS\System32\OLEAUT32.dll
0x00007ff889630000 - 0x00007ff88966b000 	C:\WINDOWS\SYSTEM32\dbgcore.DLL
0x00007ff898310000 - 0x00007ff8983b5000 	C:\WINDOWS\System32\bcryptPrimitives.dll
0x00007ff85e780000 - 0x00007ff85e7a5000 	C:\Program Files\Eclipse Adoptium\jdk-17.0.16.8-hotspot\bin\java.dll
0x00007ff81ead0000 - 0x00007ff81eba7000 	C:\Program Files\Eclipse Adoptium\jdk-17.0.16.8-hotspot\bin\jsvml.dll
0x00007ff8995f0000 - 0x00007ff899d42000 	C:\WINDOWS\System32\SHELL32.dll
0x00007ff8981a0000 - 0x00007ff89830a000 	C:\WINDOWS\System32\wintypes.dll
0x00007ff8983c0000 - 0x00007ff898c23000 	C:\WINDOWS\System32\windows.storage.dll
0x00007ff898f90000 - 0x00007ff899086000 	C:\WINDOWS\System32\SHCORE.dll
0x00007ff898f20000 - 0x00007ff898f87000 	C:\WINDOWS\System32\shlwapi.dll
0x00007ff897880000 - 0x00007ff8978a9000 	C:\WINDOWS\SYSTEM32\profapi.dll
0x00007ff88b8f0000 - 0x00007ff88b909000 	C:\Program Files\Eclipse Adoptium\jdk-17.0.16.8-hotspot\bin\net.dll
0x00007ff88d8c0000 - 0x00007ff88d9e7000 	C:\WINDOWS\SYSTEM32\WINHTTP.dll
0x00007ff896c70000 - 0x00007ff896cdb000 	C:\WINDOWS\system32\mswsock.dll
0x00007ff886120000 - 0x00007ff886136000 	C:\Program Files\Eclipse Adoptium\jdk-17.0.16.8-hotspot\bin\nio.dll
0x00007ff868bb0000 - 0x00007ff868bc8000 	C:\Program Files\Eclipse Adoptium\jdk-17.0.16.8-hotspot\bin\zip.dll
0x00007ff85e730000 - 0x00007ff85e754000 	C:\Users\priya\AppData\Local\Temp\jansi-2.4.1-b3b29770dcac445b-jansi.dll
0x00007ff863120000 - 0x00007ff863130000 	C:\Program Files\Eclipse Adoptium\jdk-17.0.16.8-hotspot\bin\verify.dll
0x00007ff8961d0000 - 0x00007ff896204000 	C:\WINDOWS\SYSTEM32\IPHLPAPI.DLL
0x00007ff899090000 - 0x00007ff89909a000 	C:\WINDOWS\System32\NSI.dll
0x00007ff88db10000 - 0x00007ff88db2e000 	C:\WINDOWS\SYSTEM32\dhcpcsvc6.DLL
0x00007ff88dae0000 - 0x00007ff88db03000 	C:\WINDOWS\SYSTEM32\dhcpcsvc.DLL
0x00007ff896210000 - 0x00007ff89633c000 	C:\WINDOWS\SYSTEM32\DNSAPI.dll
0x00007ff863110000 - 0x00007ff863119000 	C:\Program Files\Eclipse Adoptium\jdk-17.0.16.8-hotspot\bin\extnet.dll

dbghelp: loaded successfully - version: 4.0.5 - missing functions: none
symbol engine: initialized successfully - sym options: 0x614 - pdb path: .;C:\Program Files\Eclipse Adoptium\jdk-17.0.16.8-hotspot\bin;C:\WINDOWS\SYSTEM32;C:\Program Files\Avast Software\Avast;C:\WINDOWS\WinSxS\amd64_microsoft.windows.common-controls_6595b64144ccf1df_6.0.26100.7824_none_3e0870b2e3345462;C:\Program Files\Eclipse Adoptium\jdk-17.0.16.8-hotspot\bin\server;C:\Users\priya\AppData\Local\Temp

VM Arguments:
jvm_args: -Dmaven.home=EMBEDDED -Dclassworlds.conf=C:\Users\priya\eclipse-workspace-new\.metadata\.plugins\org.eclipse.m2e.launching\launches\m2conf5621893833618344423.tmp -Dmaven.multiModuleProjectDirectory=C:\Users\priya\eclipse-workspace-new\TaskManage -Dm2e.build.project.data.socket.port=53586 -Dfile.encoding=UTF-8 -Dstdout.encoding=UTF-8 -Dstderr.encoding=UTF-8 -XX:+ShowCodeDetailsInExceptionMessages 
java_command: org.codehaus.plexus.classworlds.launcher.Launcher -B -Dstyle.color=always install
java_class_path (initial): C:\Users\priya\.p2\pool\plugins\org.eclipse.m2e.maven.runtime_3.9.900.20250220-2013\jars\plexus-classworlds-2.8.0.jar
Launcher Type: SUN_STANDARD

[Global flags]
     intx CICompilerCount                          = 3                                         {product} {ergonomic}
     uint ConcGCThreads                            = 1                                         {product} {ergonomic}
     uint G1ConcRefinementThreads                  = 4                                         {product} {ergonomic}
   size_t G1HeapRegionSize                         = 1048576                                   {product} {ergonomic}
    uintx GCDrainStackTargetSize                   = 64                                        {product} {ergonomic}
   size_t InitialHeapSize                          = 58720256                                  {product} {ergonomic}
   size_t MarkStackSize                            = 4194304                                   {product} {ergonomic}
   size_t MaxHeapSize                              = 924844032                                 {product} {ergonomic}
   size_t MaxNewSize                               = 554696704                                 {product} {ergonomic}
   size_t MinHeapDeltaBytes                        = 1048576                                   {product} {ergonomic}
   size_t MinHeapSize                              = 8388608                                   {product} {ergonomic}
    uintx NonNMethodCodeHeapSize                   = 5832780                                {pd product} {ergonomic}
    uintx NonProfiledCodeHeapSize                  = 122912730                              {pd product} {ergonomic}
    uintx ProfiledCodeHeapSize                     = 122912730                              {pd product} {ergonomic}
    uintx ReservedCodeCacheSize                    = 251658240                              {pd product} {ergonomic}
     bool SegmentedCodeCache                       = true                                      {product} {ergonomic}
     bool ShowCodeDetailsInExceptionMessages       = true                                   {manageable} {command line}
   size_t SoftMaxHeapSize                          = 924844032                              {manageable} {ergonomic}
     bool UseCompressedClassPointers               = true                           {product lp64_product} {ergonomic}
     bool UseCompressedOops                        = true                           {product lp64_product} {ergonomic}
     bool UseG1GC                                  = true                                      {product} {ergonomic}
     bool UseLargePagesIndividualAllocation        = false                                  {pd product} {ergonomic}

Logging:
Log output configuration:
 #0: stdout all=warning uptime,level,tags
 #1: stderr all=off uptime,level,tags

Environment Variables:
PATH=C:/Users/priya/.p2/pool/plugins/org.eclipse.justj.openjdk.hotspot.jre.full.win32.x86_64_21.0.8.v20250724-1412/jre/bin/server;C:/Users/priya/.p2/pool/plugins/org.eclipse.justj.openjdk.hotspot.jre.full.win32.x86_64_21.0.8.v20250724-1412/jre/bin;C:\Program Files\Eclipse Adoptium\jdk-17.0.16.8-hotspot\bin;C:\Program Files\Common Files\Oracle\Java\javapath;C:\WINDOWS\system32;C:\WINDOWS;C:\WINDOWS\System32\Wbem;C:\WINDOWS\System32\WindowsPowerShell\v1.0\;C:\WINDOWS\System32\OpenSSH\;C:\Program Files\HP\HP One Agent;C:\Program Files\MySQL\MySQL Server 8.0\bin;C:\Program Files\nodejs\;C:\WINDOWS\system32;C:\WINDOWS;C:\WINDOWS\System32\Wbem;C:\WINDOWS\System32\WindowsPowerShell\v1.0\;C:\WINDOWS\System32\OpenSSH\;C:\Program Files\Git\cmd;C:\Android\SDK\platform-tools;C:\Android\SDK\cmdline-tools\latest\bin;C:\flutter\bin;C:\flutter\bin\cache\dart-sdk\bin;C:\Users\priya\Downloads\apache-maven-3.9.11-bin (1)\apache-maven-3.9.11\bin;C:\Program Files\MySQL\MySQL Shell 8.0\bin\;C:\Users\priya\AppData\Local\Programs\Eclipse Adoptium\jdk-25.0.1.8-hotspot\bin;C:\Users\priya\AppData\Local\Programs\Python\Python313\Scripts\;C:\Users\priya\AppData\Local\Programs\Python\Python313\;C:\Users\priya\AppData\Local\Microsoft\WindowsApps;C:\Users\priya\AppData\Local\Programs\Microsoft VS Code\bin;C:\Users\priya\AppData\Roaming\npm;%IntelliJ IDEA Community Edition%;C:\flutter\bin;C:\Users\priya\AppData\Local\GitHubDesktop\bin;C:\Program Files\JetBrains\PyCharm Community Edition 2025.1.2\bin;;C:\Program Files\Java\jdk-20\bin;;C:\WINDOWS\system32;
USERNAME=Suhani
OS=Windows_NT
PROCESSOR_IDENTIFIER=AMD64 Family 23 Model 24 Stepping 1, AuthenticAMD
TMP=C:\Users\priya\AppData\Local\Temp
TEMP=C:\Users\priya\AppData\Local\Temp



Periodic native trim disabled


---------------  S Y S T E M  ---------------

OS:
 Windows 11 , 64 bit Build 26100 (10.0.26100.7705)
OS uptime: 2 days 8:40 hours

CPU: total 4 (initial active 4) (4 cores per cpu, 1 threads per core) family 23 model 24 stepping 1 microcode 0x8108109, cx8, cmov, fxsr, mmx, 3dnowpref, sse, sse2, sse3, ssse3, sse4a, sse4.1, sse4.2, popcnt, lzcnt, tsc, tscinvbit, avx, avx2, aes, clmul, bmi1, bmi2, adx, sha, fma, vzeroupper, clflush, clflushopt
Processor Information for all 4 processors :
  Max Mhz: 2100, Current Mhz: 2100, Mhz Limit: 2100

Memory: 4k page, system-wide physical 3526M (457M free)
TotalPageFile size 14278M (AvailPageFile size 9M)
current process WorkingSet (physical memory assigned to process): 147M, peak: 152M
current process commit charge ("private bytes"): 193M, peak: 205M

vm_info: OpenJDK 64-Bit Server VM (17.0.16+8) for windows-amd64 JRE (17.0.16+8), built on Jul 16 2025 10:37:56 by "admin" with MS VC++ 17.7 (VS2022)

END.
