#
# There is insufficient memory for the Java Runtime Environment to continue.
# Native memory allocation (mmap) failed to map 29360128 bytes. Error detail: G1 virtual space
# Possible reasons:
#   The system is out of physical RAM or swap space
#   This process is running with CompressedOops enabled, and the Java Heap may be blocking the growth of the native heap
# Possible solutions:
#   Reduce memory load on the system
#   Increase physical memory or swap space
#   Check if swap backing store is full
#   Decrease Java heap size (-Xmx/-Xms)
#   Decrease number of Java threads
#   Decrease Java thread stack sizes (-Xss)
#   Set larger code cache with -XX:ReservedCodeCacheSize=
#   JVM is running with Unscaled Compressed Oops mode in which the Java heap is
#     placed in the first 4GB address space. The Java Heap base address is the
#     maximum limit for the native heap growth. Please use -XX:HeapBaseMinAddress
#     to set the Java Heap base and to place the Java Heap above 4GB virtual address.
# This output file may be truncated or incomplete.
#
#  Out of Memory Error (os_windows.cpp:3618), pid=30712, tid=25108
#
# JRE version: OpenJDK Runtime Environment Temurin-17.0.16+8 (17.0.16+8) (build 17.0.16+8)
# Java VM: OpenJDK 64-Bit Server VM Temurin-17.0.16+8 (17.0.16+8, mixed mode, sharing, tiered, compressed oops, compressed class ptrs, g1 gc, windows-amd64)
# No core dump will be written. Minidumps are not enabled by default on client versions of Windows
#

---------------  S U M M A R Y ------------

Command Line: -Dmaven.home=EMBEDDED -Dclassworlds.conf=C:\Users\priya\eclipse-workspace-new\.metadata\.plugins\org.eclipse.m2e.launching\launches\m2conf6054473971233133526.tmp -Dmaven.multiModuleProjectDirectory=C:\Users\priya\eclipse-workspace-new\TaskManage -Dm2e.build.project.data.socket.port=56943 -Dfile.encoding=UTF-8 -Dstdout.encoding=UTF-8 -Dstderr.encoding=UTF-8 -XX:+ShowCodeDetailsInExceptionMessages org.codehaus.plexus.classworlds.launcher.Launcher -B -Dstyle.color=always install

Host: AMD Ryzen 3 3300U with Radeon Vega Mobile Gfx  , 4 cores, 3G,  Windows 11 , 64 bit Build 26100 (10.0.26100.7705)
Time: Sun Mar 15 19:21:59 2026 India Standard Time elapsed time: 9.702312 seconds (0d 0h 0m 9s)

---------------  T H R E A D  ---------------

Current thread (0x000001cc7ccbf170):  VMThread "VM Thread" [stack: 0x000000cb5fd00000,0x000000cb5fe00000] [id=25108]

Stack: [0x000000cb5fd00000,0x000000cb5fe00000]
Native frames: (J=compiled Java code, j=interpreted, Vv=VM code, C=native code)
V  [jvm.dll+0x683169]
V  [jvm.dll+0x839ac8]
V  [jvm.dll+0x83b573]
V  [jvm.dll+0x83bbe3]
V  [jvm.dll+0x2473ff]
V  [jvm.dll+0x67ff49]
V  [jvm.dll+0x674e3a]
V  [jvm.dll+0x304ea6]
V  [jvm.dll+0x30c366]
V  [jvm.dll+0x35deee]
V  [jvm.dll+0x35e12d]
V  [jvm.dll+0x2dc26c]
V  [jvm.dll+0x2df286]
V  [jvm.dll+0x2e99ac]
V  [jvm.dll+0x31d7cd]
V  [jvm.dll+0x84041d]
V  [jvm.dll+0x841153]
V  [jvm.dll+0x84167f]
V  [jvm.dll+0x841a64]
V  [jvm.dll+0x841b2e]
V  [jvm.dll+0x7e979c]
V  [jvm.dll+0x682047]
C  [ucrtbase.dll+0x37b0]
C  [KERNEL32.DLL+0x2e8d7]
C  [ntdll.dll+0x8c40c]

VM_Operation (0x000000cb5f9ff670): G1PauseRemark, mode: safepoint, requested by thread 0x000001cc61c4f960


---------------  P R O C E S S  ---------------

Threads class SMR info:
_java_thread_list=0x000001cc7db7ed60, length=12, elements={
0x000001cc61c0eff0, 0x000001cc7ccc3120, 0x000001cc7ccc4760, 0x000001cc7ccdb720,
0x000001cc7ccdbff0, 0x000001cc7ccdd430, 0x000001cc7cce1d70, 0x000001cc7cce2970,
0x000001cc7ccf00d0, 0x000001cc7cd69c90, 0x000001cc7cf53d00, 0x000001cc7cf68ce0
}

Java Threads: ( => current thread )
  0x000001cc61c0eff0 JavaThread "main" [_thread_blocked, id=13596, stack(0x000000cb5f700000,0x000000cb5f800000)]
  0x000001cc7ccc3120 JavaThread "Reference Handler" daemon [_thread_blocked, id=13372, stack(0x000000cb5fe00000,0x000000cb5ff00000)]
  0x000001cc7ccc4760 JavaThread "Finalizer" daemon [_thread_blocked, id=9360, stack(0x000000cb5ff00000,0x000000cb60000000)]
  0x000001cc7ccdb720 JavaThread "Signal Dispatcher" daemon [_thread_blocked, id=21236, stack(0x000000cb60000000,0x000000cb60100000)]
  0x000001cc7ccdbff0 JavaThread "Attach Listener" daemon [_thread_blocked, id=21436, stack(0x000000cb60100000,0x000000cb60200000)]
  0x000001cc7ccdd430 JavaThread "Service Thread" daemon [_thread_blocked, id=24600, stack(0x000000cb60200000,0x000000cb60300000)]
  0x000001cc7cce1d70 JavaThread "Monitor Deflation Thread" daemon [_thread_blocked, id=19740, stack(0x000000cb60300000,0x000000cb60400000)]
  0x000001cc7cce2970 JavaThread "C2 CompilerThread0" daemon [_thread_blocked, id=21384, stack(0x000000cb60400000,0x000000cb60500000)]
  0x000001cc7ccf00d0 JavaThread "C1 CompilerThread0" daemon [_thread_blocked, id=25324, stack(0x000000cb60500000,0x000000cb60600000)]
  0x000001cc7cd69c90 JavaThread "Sweeper thread" daemon [_thread_blocked, id=10296, stack(0x000000cb60600000,0x000000cb60700000)]
  0x000001cc7cf53d00 JavaThread "Notification Thread" daemon [_thread_blocked, id=16172, stack(0x000000cb60700000,0x000000cb60800000)]
  0x000001cc7cf68ce0 JavaThread "Common-Cleaner" daemon [_thread_blocked, id=3928, stack(0x000000cb60900000,0x000000cb60a00000)]

Other Threads:
=>0x000001cc7ccbf170 VMThread "VM Thread" [stack: 0x000000cb5fd00000,0x000000cb5fe00000] [id=25108]
  0x000001cc7cf5c600 WatcherThread [stack: 0x000000cb60800000,0x000000cb60900000] [id=17736]
  0x000001cc61c47b60 GCTaskThread "GC Thread#0" [stack: 0x000000cb5f800000,0x000000cb5f900000] [id=17972]
  0x000001cc7d71ac80 GCTaskThread "GC Thread#1" [stack: 0x000000cb60a00000,0x000000cb60b00000] [id=21112]
  0x000001cc7d758cc0 GCTaskThread "GC Thread#2" [stack: 0x000000cb60b00000,0x000000cb60c00000] [id=21500]
  0x000001cc7d78f980 GCTaskThread "GC Thread#3" [stack: 0x000000cb60c00000,0x000000cb60d00000] [id=2216]
  0x000001cc61c4f960 ConcurrentGCThread "G1 Main Marker" [stack: 0x000000cb5f900000,0x000000cb5fa00000] [id=18276]
  0x000001cc61c51670 ConcurrentGCThread "G1 Conc#0" [stack: 0x000000cb5fa00000,0x000000cb5fb00000] [id=23028]
  0x000001cc7cb80490 ConcurrentGCThread "G1 Refine#0" [stack: 0x000000cb5fb00000,0x000000cb5fc00000] [id=4920]
  0x000001cc7d78fc40 ConcurrentGCThread "G1 Refine#1" [stack: 0x000000cb60d00000,0x000000cb60e00000] [id=19808]
  0x000001cc7cb81c80 ConcurrentGCThread "G1 Service" [stack: 0x000000cb5fc00000,0x000000cb5fd00000] [id=25092]

Threads with active compile tasks:
C2 CompilerThread0     9800 4388       4       org.codehaus.plexus.util.xml.Xpp3DomBuilder::build (413 bytes)
C1 CompilerThread0     9800 4500   !   3       java.io.BufferedReader::mark (57 bytes)

VM state: at safepoint (normal execution)

VM Mutex/Monitor currently owned by a thread:  ([mutex/lock_event])
[0x000001cc61c08690] Threads_lock - owner thread: 0x000001cc7ccbf170
[0x000001cc61c092f0] Heap_lock - owner thread: 0x000001cc61c4f960

Heap address: 0x00000000c8e00000, size: 882 MB, Compressed Oops mode: 32-bit

CDS archive(s) mapped at: [0x000001cc00000000-0x000001cc00bb0000-0x000001cc00bb0000), size 12255232, SharedBaseAddress: 0x000001cc00000000, ArchiveRelocationMode: 1.
Compressed class space mapped at: 0x000001cc01000000-0x000001cc41000000, reserved size: 1073741824
Narrow klass base: 0x000001cc00000000, Narrow klass shift: 0, Narrow klass range: 0x100000000

GC Precious Log:
 CPUs: 4 total, 4 available
 Memory: 3526M
 Large Page Support: Disabled
 NUMA Support: Disabled
 Compressed Oops: Enabled (32-bit)
 Heap Region Size: 1M
 Heap Min Capacity: 8M
 Heap Initial Capacity: 56M
 Heap Max Capacity: 882M
 Pre-touch: Disabled
 Parallel Workers: 4
 Concurrent Workers: 1
 Concurrent Refinement Workers: 4
 Periodic GC: Disabled

Heap:
 garbage-first heap   total 57344K, used 48484K [0x00000000c8e00000, 0x0000000100000000)
  region size 1024K, 3 young (3072K), 2 survivors (2048K)
 Metaspace       used 19000K, committed 19264K, reserved 1114112K
  class space    used 2178K, committed 2304K, reserved 1048576K

Heap Regions: E=young(eden), S=young(survivor), O=old, HS=humongous(starts), HC=humongous(continues), CS=collection set, F=free, OA=open archive, CA=closed archive, TAMS=top-at-mark-start (previous, next)
|   0|0x00000000c8e00000, 0x00000000c8f00000, 0x00000000c8f00000|100%| O|  |TAMS 0x00000000c8f00000, 0x00000000c8e00000| Untracked 
|   1|0x00000000c8f00000, 0x00000000c9000000, 0x00000000c9000000|100%| O|  |TAMS 0x00000000c9000000, 0x00000000c8f00000| Untracked 
|   2|0x00000000c9000000, 0x00000000c9100000, 0x00000000c9100000|100%| O|  |TAMS 0x00000000c9100000, 0x00000000c9000000| Untracked 
|   3|0x00000000c9100000, 0x00000000c9200000, 0x00000000c9200000|100%| O|  |TAMS 0x00000000c9200000, 0x00000000c9100000| Updating 
|   4|0x00000000c9200000, 0x00000000c9300000, 0x00000000c9300000|100%| O|  |TAMS 0x00000000c9300000, 0x00000000c9200000| Untracked 
|   5|0x00000000c9300000, 0x00000000c9400000, 0x00000000c9400000|100%| O|  |TAMS 0x00000000c9400000, 0x00000000c9300000| Untracked 
|   6|0x00000000c9400000, 0x00000000c9500000, 0x00000000c9500000|100%| O|  |TAMS 0x00000000c9500000, 0x00000000c9400000| Untracked 
|   7|0x00000000c9500000, 0x00000000c9600000, 0x00000000c9600000|100%| O|  |TAMS 0x00000000c9600000, 0x00000000c9500000| Untracked 
|   8|0x00000000c9600000, 0x00000000c9700000, 0x00000000c9700000|100%| O|  |TAMS 0x00000000c9700000, 0x00000000c9600000| Untracked 
|   9|0x00000000c9700000, 0x00000000c9800000, 0x00000000c9800000|100%| O|  |TAMS 0x00000000c9800000, 0x00000000c9700000| Untracked 
|  10|0x00000000c9800000, 0x00000000c9900000, 0x00000000c9900000|100%| O|  |TAMS 0x00000000c9900000, 0x00000000c9800000| Untracked 
|  11|0x00000000c9900000, 0x00000000c9a00000, 0x00000000c9a00000|100%| O|  |TAMS 0x00000000c9a00000, 0x00000000c9900000| Updating 
|  12|0x00000000c9a00000, 0x00000000c9b00000, 0x00000000c9b00000|100%|HS|  |TAMS 0x00000000c9b00000, 0x00000000c9a00000| Complete 
|  13|0x00000000c9b00000, 0x00000000c9c00000, 0x00000000c9c00000|100%|HC|  |TAMS 0x00000000c9c00000, 0x00000000c9b00000| Complete 
|  14|0x00000000c9c00000, 0x00000000c9d00000, 0x00000000c9d00000|100%|HC|  |TAMS 0x00000000c9d00000, 0x00000000c9c00000| Complete 
|  15|0x00000000c9d00000, 0x00000000c9e00000, 0x00000000c9e00000|100%|HC|  |TAMS 0x00000000c9e00000, 0x00000000c9d00000| Complete 
|  16|0x00000000c9e00000, 0x00000000c9f00000, 0x00000000c9f00000|100%|HC|  |TAMS 0x00000000c9f00000, 0x00000000c9e00000| Complete 
|  17|0x00000000c9f00000, 0x00000000ca000000, 0x00000000ca000000|100%|HC|  |TAMS 0x00000000ca000000, 0x00000000c9f00000| Complete 
|  18|0x00000000ca000000, 0x00000000ca100000, 0x00000000ca100000|100%|HC|  |TAMS 0x00000000ca100000, 0x00000000ca000000| Complete 
|  19|0x00000000ca100000, 0x00000000ca200000, 0x00000000ca200000|100%|HC|  |TAMS 0x00000000ca200000, 0x00000000ca100000| Complete 
|  20|0x00000000ca200000, 0x00000000ca300000, 0x00000000ca300000|100%| O|  |TAMS 0x00000000ca2cb000, 0x00000000ca200000| Updating 
|  21|0x00000000ca300000, 0x00000000ca400000, 0x00000000ca400000|100%|HS|  |TAMS 0x00000000ca400000, 0x00000000ca300000| Complete 
|  22|0x00000000ca400000, 0x00000000ca500000, 0x00000000ca500000|100%|HC|  |TAMS 0x00000000ca500000, 0x00000000ca400000| Complete 
|  23|0x00000000ca500000, 0x00000000ca600000, 0x00000000ca600000|100%|HC|  |TAMS 0x00000000ca600000, 0x00000000ca500000| Complete 
|  24|0x00000000ca600000, 0x00000000ca700000, 0x00000000ca700000|100%|HC|  |TAMS 0x00000000ca700000, 0x00000000ca600000| Complete 
|  25|0x00000000ca700000, 0x00000000ca800000, 0x00000000ca800000|100%|HC|  |TAMS 0x00000000ca800000, 0x00000000ca700000| Complete 
|  26|0x00000000ca800000, 0x00000000ca900000, 0x00000000ca900000|100%|HC|  |TAMS 0x00000000ca900000, 0x00000000ca800000| Complete 
|  27|0x00000000ca900000, 0x00000000caa00000, 0x00000000caa00000|100%|HC|  |TAMS 0x00000000caa00000, 0x00000000ca900000| Complete 
|  28|0x00000000caa00000, 0x00000000cab00000, 0x00000000cab00000|100%|HC|  |TAMS 0x00000000cab00000, 0x00000000caa00000| Complete 
|  29|0x00000000cab00000, 0x00000000cac00000, 0x00000000cac00000|100%|HC|  |TAMS 0x00000000cac00000, 0x00000000cab00000| Complete 
|  30|0x00000000cac00000, 0x00000000cad00000, 0x00000000cad00000|100%|HC|  |TAMS 0x00000000cad00000, 0x00000000cac00000| Complete 
|  31|0x00000000cad00000, 0x00000000cae00000, 0x00000000cae00000|100%|HC|  |TAMS 0x00000000cae00000, 0x00000000cad00000| Complete 
|  32|0x00000000cae00000, 0x00000000caf00000, 0x00000000caf00000|100%|HC|  |TAMS 0x00000000caf00000, 0x00000000cae00000| Complete 
|  33|0x00000000caf00000, 0x00000000cb000000, 0x00000000cb000000|100%| O|  |TAMS 0x00000000caf00000, 0x00000000caf00000| Untracked 
|  34|0x00000000cb000000, 0x00000000cb01fe00, 0x00000000cb100000| 12%| O|  |TAMS 0x00000000cb000000, 0x00000000cb000000| Updating 
|  35|0x00000000cb100000, 0x00000000cb200000, 0x00000000cb200000|100%|HS|  |TAMS 0x00000000cb100000, 0x00000000cb100000| Complete 
|  36|0x00000000cb200000, 0x00000000cb300000, 0x00000000cb300000|100%|HC|  |TAMS 0x00000000cb200000, 0x00000000cb200000| Complete 
|  37|0x00000000cb300000, 0x00000000cb400000, 0x00000000cb400000|100%|HC|  |TAMS 0x00000000cb300000, 0x00000000cb300000| Complete 
|  38|0x00000000cb400000, 0x00000000cb500000, 0x00000000cb500000|100%|HC|  |TAMS 0x00000000cb400000, 0x00000000cb400000| Complete 
|  39|0x00000000cb500000, 0x00000000cb600000, 0x00000000cb600000|100%|HC|  |TAMS 0x00000000cb500000, 0x00000000cb500000| Complete 
|  40|0x00000000cb600000, 0x00000000cb700000, 0x00000000cb700000|100%|HC|  |TAMS 0x00000000cb600000, 0x00000000cb600000| Complete 
|  41|0x00000000cb700000, 0x00000000cb800000, 0x00000000cb800000|100%|HC|  |TAMS 0x00000000cb700000, 0x00000000cb700000| Complete 
|  42|0x00000000cb800000, 0x00000000cb900000, 0x00000000cb900000|100%|HC|  |TAMS 0x00000000cb800000, 0x00000000cb800000| Complete 
|  43|0x00000000cb900000, 0x00000000cba00000, 0x00000000cba00000|100%|HC|  |TAMS 0x00000000cb900000, 0x00000000cb900000| Complete 
|  44|0x00000000cba00000, 0x00000000cbb00000, 0x00000000cbb00000|100%|HC|  |TAMS 0x00000000cba00000, 0x00000000cba00000| Complete 
|  45|0x00000000cbb00000, 0x00000000cbc00000, 0x00000000cbc00000|100%|HC|  |TAMS 0x00000000cbb00000, 0x00000000cbb00000| Complete 
|  46|0x00000000cbc00000, 0x00000000cbd00000, 0x00000000cbd00000|100%|HC|  |TAMS 0x00000000cbc00000, 0x00000000cbc00000| Complete 
|  47|0x00000000cbd00000, 0x00000000cbd00000, 0x00000000cbe00000|  0%| F|  |TAMS 0x00000000cbd00000, 0x00000000cbd00000| Untracked 
|  48|0x00000000cbe00000, 0x00000000cbe00000, 0x00000000cbf00000|  0%| F|  |TAMS 0x00000000cbe00000, 0x00000000cbe00000| Untracked 
|  49|0x00000000cbf00000, 0x00000000cbf00000, 0x00000000cc000000|  0%| F|  |TAMS 0x00000000cbf00000, 0x00000000cbf00000| Untracked 
|  50|0x00000000cc000000, 0x00000000cc000000, 0x00000000cc100000|  0%| F|  |TAMS 0x00000000cc000000, 0x00000000cc000000| Untracked 
|  51|0x00000000cc100000, 0x00000000cc100000, 0x00000000cc200000|  0%| F|  |TAMS 0x00000000cc100000, 0x00000000cc100000| Untracked 
|  52|0x00000000cc200000, 0x00000000cc200000, 0x00000000cc300000|  0%| F|  |TAMS 0x00000000cc200000, 0x00000000cc200000| Untracked 
|  53|0x00000000cc300000, 0x00000000cc339548, 0x00000000cc400000| 22%| S|CS|TAMS 0x00000000cc300000, 0x00000000cc300000| Complete 
|  54|0x00000000cc400000, 0x00000000cc500000, 0x00000000cc500000|100%| S|CS|TAMS 0x00000000cc400000, 0x00000000cc400000| Complete 
|  55|0x00000000cc500000, 0x00000000cc534830, 0x00000000cc600000| 20%| E|  |TAMS 0x00000000cc500000, 0x00000000cc500000| Complete 

Card table byte_map: [0x000001cc78920000,0x000001cc78ae0000] _byte_map_base: 0x000001cc782d9000

Marking Bits (Prev, Next): (CMBitMap*) 0x000001cc61c480d0, (CMBitMap*) 0x000001cc61c48090
 Prev Bits: [0x000001cc79a70000, 0x000001cc7a838000)
 Next Bits: [0x000001cc78ca0000, 0x000001cc79a68000)

Polling page: 0x000001cc613c0000

Metaspace:

Usage:
  Non-class:     16.43 MB used.
      Class:      2.13 MB used.
       Both:     18.56 MB used.

Virtual space:
  Non-class space:       64.00 MB reserved,      16.56 MB ( 26%) committed,  1 nodes.
      Class space:        1.00 GB reserved,       2.25 MB ( <1%) committed,  1 nodes.
             Both:        1.06 GB reserved,      18.81 MB (  2%) committed. 

Chunk freelists:
   Non-Class:  14.52 MB
       Class:  13.73 MB
        Both:  28.24 MB

MaxMetaspaceSize: unlimited
CompressedClassSpaceSize: 1.00 GB
Initial GC threshold: 21.00 MB
Current GC threshold: 21.00 MB
CDS: on
MetaspaceReclaimPolicy: balanced
 - commit_granule_bytes: 65536.
 - commit_granule_words: 8192.
 - virtual_space_node_default_size: 8388608.
 - enlarge_chunks_in_place: 1.
 - new_chunks_are_fully_committed: 0.
 - uncommit_free_chunks: 1.
 - use_allocation_guard: 0.
 - handle_deallocations: 1.


Internal statistics:

num_allocs_failed_limit: 0.
num_arena_births: 122.
num_arena_deaths: 0.
num_vsnodes_births: 2.
num_vsnodes_deaths: 0.
num_space_committed: 301.
num_space_uncommitted: 0.
num_chunks_returned_to_freelist: 0.
num_chunks_taken_from_freelist: 763.
num_chunk_merges: 0.
num_chunk_splits: 495.
num_chunks_enlarged: 384.
num_inconsistent_stats: 0.

CodeHeap 'non-profiled nmethods': size=120000Kb used=2232Kb max_used=2232Kb free=117767Kb
 bounds [0x000001cc71230000, 0x000001cc714a0000, 0x000001cc78760000]
CodeHeap 'profiled nmethods': size=120000Kb used=9800Kb max_used=9800Kb free=110199Kb
 bounds [0x000001cc69760000, 0x000001cc6a100000, 0x000001cc70c90000]
CodeHeap 'non-nmethods': size=5760Kb used=1192Kb max_used=1241Kb free=4567Kb
 bounds [0x000001cc70c90000, 0x000001cc70f00000, 0x000001cc71230000]
 total_blobs=4976 nmethods=4489 adapters=399
 compilation: enabled
              stopped_count=0, restarted_count=0
 full_count=0

Compilation events (20 events):
Event: 7.593 Thread 0x000001cc7ccf00d0 nmethod 4490 0x000001cc6a0e2810 code [0x000001cc6a0e2b80, 0x000001cc6a0e4458]
Event: 7.593 Thread 0x000001cc7ccf00d0 4491   !   3       sun.nio.fs.WindowsChannelFactory::open (457 bytes)
Event: 7.595 Thread 0x000001cc7ccf00d0 nmethod 4491 0x000001cc6a0e4b90 code [0x000001cc6a0e4ea0, 0x000001cc6a0e62a8]
Event: 7.601 Thread 0x000001cc7ccf00d0 4492       3       java.lang.invoke.MemberName::isMethod (8 bytes)
Event: 7.602 Thread 0x000001cc7ccf00d0 nmethod 4492 0x000001cc6a0e6a10 code [0x000001cc6a0e6bc0, 0x000001cc6a0e6df8]
Event: 7.629 Thread 0x000001cc7ccf00d0 4493       3       java.io.BufferedReader::ensureOpen (18 bytes)
Event: 7.630 Thread 0x000001cc7ccf00d0 nmethod 4493 0x000001cc6a0e6f10 code [0x000001cc6a0e70c0, 0x000001cc6a0e72c8]
Event: 7.631 Thread 0x000001cc7ccf00d0 4494       3       org.apache.maven.shared.filtering.BoundedReader::read (31 bytes)
Event: 7.631 Thread 0x000001cc7ccf00d0 nmethod 4494 0x000001cc6a0e7390 code [0x000001cc6a0e7540, 0x000001cc6a0e7788]
Event: 7.632 Thread 0x000001cc7ccf00d0 4495   !   3       java.io.BufferedReader::read (104 bytes)
Event: 7.632 Thread 0x000001cc7ccf00d0 nmethod 4495 0x000001cc6a0e7890 code [0x000001cc6a0e7aa0, 0x000001cc6a0e8058]
Event: 7.635 Thread 0x000001cc7ccf00d0 4496       1       org.codehaus.plexus.interpolation.multi.DelimiterSpecification::getBegin (5 bytes)
Event: 7.635 Thread 0x000001cc7ccf00d0 nmethod 4496 0x000001cc7145e010 code [0x000001cc7145e1a0, 0x000001cc7145e278]
Event: 7.637 Thread 0x000001cc7ccf00d0 4497       3       org.apache.maven.shared.filtering.BoundedReader::reset (13 bytes)
Event: 7.637 Thread 0x000001cc7ccf00d0 nmethod 4497 0x000001cc6a0e8390 code [0x000001cc6a0e8540, 0x000001cc6a0e8728]
Event: 7.637 Thread 0x000001cc7ccf00d0 4498   !   3       java.io.BufferedReader::reset (69 bytes)
Event: 7.638 Thread 0x000001cc7ccf00d0 nmethod 4498 0x000001cc6a0e8810 code [0x000001cc6a0e8a00, 0x000001cc6a0e8ed8]
Event: 7.639 Thread 0x000001cc7ccf00d0 4499   !   3       org.apache.maven.shared.filtering.MultiDelimiterInterpolatorFilterReaderLineEnding::read (734 bytes)
Event: 7.645 Thread 0x000001cc7ccf00d0 nmethod 4499 0x000001cc6a0e9190 code [0x000001cc6a0e9b40, 0x000001cc6a0effe8]
Event: 7.647 Thread 0x000001cc7ccf00d0 4500   !   3       java.io.BufferedReader::mark (57 bytes)

GC Heap History (18 events):
Event: 1.237 GC heap before
{Heap before GC invocations=0 (full 0):
 garbage-first heap   total 57344K, used 13312K [0x00000000c8e00000, 0x0000000100000000)
  region size 1024K, 13 young (13312K), 0 survivors (0K)
 Metaspace       used 5063K, committed 5184K, reserved 1114112K
  class space    used 535K, committed 576K, reserved 1048576K
}
Event: 1.246 GC heap after
{Heap after GC invocations=1 (full 0):
 garbage-first heap   total 57344K, used 3640K [0x00000000c8e00000, 0x0000000100000000)
  region size 1024K, 2 young (2048K), 2 survivors (2048K)
 Metaspace       used 5063K, committed 5184K, reserved 1114112K
  class space    used 535K, committed 576K, reserved 1048576K
}
Event: 1.662 GC heap before
{Heap before GC invocations=1 (full 0):
 garbage-first heap   total 57344K, used 14904K [0x00000000c8e00000, 0x0000000100000000)
  region size 1024K, 13 young (13312K), 2 survivors (2048K)
 Metaspace       used 7372K, committed 7552K, reserved 1114112K
  class space    used 861K, committed 960K, reserved 1048576K
}
Event: 1.668 GC heap after
{Heap after GC invocations=2 (full 0):
 garbage-first heap   total 57344K, used 4554K [0x00000000c8e00000, 0x0000000100000000)
  region size 1024K, 1 young (1024K), 1 survivors (1024K)
 Metaspace       used 7372K, committed 7552K, reserved 1114112K
  class space    used 861K, committed 960K, reserved 1048576K
}
Event: 2.395 GC heap before
{Heap before GC invocations=2 (full 0):
 garbage-first heap   total 57344K, used 27082K [0x00000000c8e00000, 0x0000000100000000)
  region size 1024K, 23 young (23552K), 1 survivors (1024K)
 Metaspace       used 9875K, committed 10112K, reserved 1114112K
  class space    used 1164K, committed 1280K, reserved 1048576K
}
Event: 2.399 GC heap after
{Heap after GC invocations=3 (full 0):
 garbage-first heap   total 57344K, used 5153K [0x00000000c8e00000, 0x0000000100000000)
  region size 1024K, 2 young (2048K), 2 survivors (2048K)
 Metaspace       used 9875K, committed 10112K, reserved 1114112K
  class space    used 1164K, committed 1280K, reserved 1048576K
}
Event: 3.585 GC heap before
{Heap before GC invocations=3 (full 0):
 garbage-first heap   total 57344K, used 36897K [0x00000000c8e00000, 0x0000000100000000)
  region size 1024K, 33 young (33792K), 2 survivors (2048K)
 Metaspace       used 16075K, committed 16320K, reserved 1114112K
  class space    used 1945K, committed 2048K, reserved 1048576K
}
Event: 3.595 GC heap after
{Heap after GC invocations=4 (full 0):
 garbage-first heap   total 57344K, used 8122K [0x00000000c8e00000, 0x0000000100000000)
  region size 1024K, 5 young (5120K), 5 survivors (5120K)
 Metaspace       used 16075K, committed 16320K, reserved 1114112K
  class space    used 1945K, committed 2048K, reserved 1048576K
}
Event: 4.581 GC heap before
{Heap before GC invocations=4 (full 0):
 garbage-first heap   total 57344K, used 36794K [0x00000000c8e00000, 0x0000000100000000)
  region size 1024K, 33 young (33792K), 5 survivors (5120K)
 Metaspace       used 17241K, committed 17472K, reserved 1114112K
  class space    used 2042K, committed 2176K, reserved 1048576K
}
Event: 4.596 GC heap after
{Heap after GC invocations=5 (full 0):
 garbage-first heap   total 57344K, used 11636K [0x00000000c8e00000, 0x0000000100000000)
  region size 1024K, 4 young (4096K), 4 survivors (4096K)
 Metaspace       used 17241K, committed 17472K, reserved 1114112K
  class space    used 2042K, committed 2176K, reserved 1048576K
}
Event: 5.592 GC heap before
{Heap before GC invocations=5 (full 0):
 garbage-first heap   total 57344K, used 39284K [0x00000000c8e00000, 0x0000000100000000)
  region size 1024K, 31 young (31744K), 4 survivors (4096K)
 Metaspace       used 17559K, committed 17792K, reserved 1114112K
  class space    used 2056K, committed 2176K, reserved 1048576K
}
Event: 5.601 GC heap after
{Heap after GC invocations=6 (full 0):
 garbage-first heap   total 57344K, used 13599K [0x00000000c8e00000, 0x0000000100000000)
  region size 1024K, 2 young (2048K), 2 survivors (2048K)
 Metaspace       used 17559K, committed 17792K, reserved 1114112K
  class space    used 2056K, committed 2176K, reserved 1048576K
}
Event: 7.185 GC heap before
{Heap before GC invocations=6 (full 0):
 garbage-first heap   total 57344K, used 41247K [0x00000000c8e00000, 0x0000000100000000)
  region size 1024K, 29 young (29696K), 2 survivors (2048K)
 Metaspace       used 18025K, committed 18240K, reserved 1114112K
  class space    used 2077K, committed 2176K, reserved 1048576K
}
Event: 7.192 GC heap after
{Heap after GC invocations=7 (full 0):
 garbage-first heap   total 57344K, used 14628K [0x00000000c8e00000, 0x0000000100000000)
  region size 1024K, 3 young (3072K), 3 survivors (3072K)
 Metaspace       used 18025K, committed 18240K, reserved 1114112K
  class space    used 2077K, committed 2176K, reserved 1048576K
}
Event: 7.608 GC heap before
{Heap before GC invocations=7 (full 0):
 garbage-first heap   total 57344K, used 33060K [0x00000000c8e00000, 0x0000000100000000)
  region size 1024K, 14 young (14336K), 3 survivors (3072K)
 Metaspace       used 18987K, committed 19264K, reserved 1114112K
  class space    used 2178K, committed 2304K, reserved 1048576K
}
Event: 7.614 GC heap after
{Heap after GC invocations=8 (full 0):
 garbage-first heap   total 57344K, used 23598K [0x00000000c8e00000, 0x0000000100000000)
  region size 1024K, 3 young (3072K), 3 survivors (3072K)
 Metaspace       used 18987K, committed 19264K, reserved 1114112K
  class space    used 2178K, committed 2304K, reserved 1048576K
}
Event: 7.618 GC heap before
{Heap before GC invocations=8 (full 0):
 garbage-first heap   total 57344K, used 35886K [0x00000000c8e00000, 0x0000000100000000)
  region size 1024K, 4 young (4096K), 3 survivors (3072K)
 Metaspace       used 18987K, committed 19264K, reserved 1114112K
  class space    used 2178K, committed 2304K, reserved 1048576K
}
Event: 7.622 GC heap after
{Heap after GC invocations=9 (full 0):
 garbage-first heap   total 57344K, used 36196K [0x00000000c8e00000, 0x0000000100000000)
  region size 1024K, 2 young (2048K), 2 survivors (2048K)
 Metaspace       used 18987K, committed 19264K, reserved 1114112K
  class space    used 2178K, committed 2304K, reserved 1048576K
}

Dll operation events (9 events):
Event: 0.039 Loaded shared library C:\Program Files\Eclipse Adoptium\jdk-17.0.16.8-hotspot\bin\java.dll
Event: 0.065 Loaded shared library C:\Program Files\Eclipse Adoptium\jdk-17.0.16.8-hotspot\bin\jsvml.dll
Event: 0.130 Loaded shared library C:\Program Files\Eclipse Adoptium\jdk-17.0.16.8-hotspot\bin\net.dll
Event: 0.136 Loaded shared library C:\Program Files\Eclipse Adoptium\jdk-17.0.16.8-hotspot\bin\nio.dll
Event: 0.141 Loaded shared library C:\Program Files\Eclipse Adoptium\jdk-17.0.16.8-hotspot\bin\zip.dll
Event: 0.350 Loaded shared library C:\Program Files\Eclipse Adoptium\jdk-17.0.16.8-hotspot\bin\jimage.dll
Event: 0.672 Loaded shared library C:\Users\priya\AppData\Local\Temp\jansi-2.4.1-e0c941a44bc27a98-jansi.dll
Event: 2.866 Loaded shared library C:\Program Files\Eclipse Adoptium\jdk-17.0.16.8-hotspot\bin\verify.dll
Event: 3.228 Loaded shared library C:\Program Files\Eclipse Adoptium\jdk-17.0.16.8-hotspot\bin\extnet.dll

Deoptimization events (20 events):
Event: 7.425 Thread 0x000001cc61c0eff0 DEOPT PACKING pc=0x000001cc713263a0 sp=0x000000cb5f7fd1a0
Event: 7.425 Thread 0x000001cc61c0eff0 DEOPT UNPACKING pc=0x000001cc70ce69a3 sp=0x000000cb5f7fd128 mode 2
Event: 7.425 Thread 0x000001cc61c0eff0 Uncommon trap: trap_request=0xffffffc6 fr.pc=0x000001cc713263a0 relative=0x0000000000000080
Event: 7.425 Thread 0x000001cc61c0eff0 Uncommon trap: reason=bimorphic_or_optimized_type_check action=maybe_recompile pc=0x000001cc713263a0 method=com.google.inject.internal.LinkedBindingImpl.acceptTargetVisitor(Lcom/google/inject/spi/BindingTargetVisitor;)Ljava/lang/Object; @ 2 c2
Event: 7.425 Thread 0x000001cc61c0eff0 DEOPT PACKING pc=0x000001cc713263a0 sp=0x000000cb5f7fd1a0
Event: 7.425 Thread 0x000001cc61c0eff0 DEOPT UNPACKING pc=0x000001cc70ce69a3 sp=0x000000cb5f7fd128 mode 2
Event: 7.453 Thread 0x000001cc61c0eff0 Uncommon trap: trap_request=0xffffffc6 fr.pc=0x000001cc713263a0 relative=0x0000000000000080
Event: 7.453 Thread 0x000001cc61c0eff0 Uncommon trap: reason=bimorphic_or_optimized_type_check action=maybe_recompile pc=0x000001cc713263a0 method=com.google.inject.internal.LinkedBindingImpl.acceptTargetVisitor(Lcom/google/inject/spi/BindingTargetVisitor;)Ljava/lang/Object; @ 2 c2
Event: 7.453 Thread 0x000001cc61c0eff0 DEOPT PACKING pc=0x000001cc713263a0 sp=0x000000cb5f7fd1a0
Event: 7.453 Thread 0x000001cc61c0eff0 DEOPT UNPACKING pc=0x000001cc70ce69a3 sp=0x000000cb5f7fd128 mode 2
Event: 7.455 Thread 0x000001cc61c0eff0 Uncommon trap: trap_request=0xffffffc6 fr.pc=0x000001cc713263a0 relative=0x0000000000000080
Event: 7.455 Thread 0x000001cc61c0eff0 Uncommon trap: reason=bimorphic_or_optimized_type_check action=maybe_recompile pc=0x000001cc713263a0 method=com.google.inject.internal.LinkedBindingImpl.acceptTargetVisitor(Lcom/google/inject/spi/BindingTargetVisitor;)Ljava/lang/Object; @ 2 c2
Event: 7.455 Thread 0x000001cc61c0eff0 DEOPT PACKING pc=0x000001cc713263a0 sp=0x000000cb5f7fd1a0
Event: 7.455 Thread 0x000001cc61c0eff0 DEOPT UNPACKING pc=0x000001cc70ce69a3 sp=0x000000cb5f7fd128 mode 2
Event: 7.477 Thread 0x000001cc61c0eff0 Uncommon trap: trap_request=0xfffffff4 fr.pc=0x000001cc714245d4 relative=0x0000000000000874
Event: 7.477 Thread 0x000001cc61c0eff0 Uncommon trap: reason=null_check action=make_not_entrant pc=0x000001cc714245d4 method=com.google.inject.internal.InjectorImpl.enterContext()Lcom/google/inject/internal/InternalContext; @ 7 c2
Event: 7.477 Thread 0x000001cc61c0eff0 DEOPT PACKING pc=0x000001cc714245d4 sp=0x000000cb5f7fd240
Event: 7.477 Thread 0x000001cc61c0eff0 DEOPT UNPACKING pc=0x000001cc70ce69a3 sp=0x000000cb5f7fd230 mode 2
Event: 7.569 Thread 0x000001cc61c0eff0 DEOPT PACKING pc=0x000001cc6a09fb94 sp=0x000000cb5f7f9920
Event: 7.569 Thread 0x000001cc61c0eff0 DEOPT UNPACKING pc=0x000001cc70ce7143 sp=0x000000cb5f7f8db8 mode 0

Classes loaded (20 events):
Event: 7.517 Loading class java/time/format/DateTimeParseException
Event: 7.518 Loading class java/time/DateTimeException
Event: 7.518 Loading class java/time/DateTimeException done
Event: 7.518 Loading class java/time/format/DateTimeParseException done
Event: 7.518 Loading class java/time/zone/ZoneRulesProvider
Event: 7.519 Loading class java/time/zone/ZoneRulesProvider done
Event: 7.519 Loading class java/time/zone/ZoneRulesProvider$1
Event: 7.519 Loading class java/time/zone/ZoneRulesProvider$1 done
Event: 7.519 Loading class java/time/zone/TzdbZoneRulesProvider
Event: 7.519 Loading class java/time/zone/TzdbZoneRulesProvider done
Event: 7.523 Loading class java/time/zone/Ser
Event: 7.524 Loading class java/io/Externalizable
Event: 7.524 Loading class java/io/Externalizable done
Event: 7.524 Loading class java/time/zone/Ser done
Event: 7.532 Loading class jdk/internal/reflect/UnsafeBooleanFieldAccessorImpl
Event: 7.532 Loading class jdk/internal/reflect/UnsafeBooleanFieldAccessorImpl done
Event: 7.558 Loading class java/lang/Character$UnicodeBlock
Event: 7.559 Loading class java/lang/Character$Subset
Event: 7.559 Loading class java/lang/Character$Subset done
Event: 7.559 Loading class java/lang/Character$UnicodeBlock done

Classes unloaded (0 events):
No events

Classes redefined (0 events):
No events

Internal exceptions (20 events):
Event: 2.845 Thread 0x000001cc61c0eff0 Exception <a 'java/lang/NoSuchMethodError'{0x00000000cb96e038}: 'void java.lang.invoke.DirectMethodHandle$Holder.invokeStaticInit(java.lang.Object, java.lang.Object, java.lang.Object)'> (0x00000000cb96e038) 
thrown [s\src\hotspot\share\interpreter\linkResolver.cpp, line 759]
Event: 2.856 Thread 0x000001cc61c0eff0 Exception <a 'java/lang/ExceptionInInitializerError'{0x00000000cb99b308}> (0x00000000cb99b308) 
thrown [s\src\hotspot\share\oops\instanceKlass.cpp, line 1218]
Event: 2.899 Thread 0x000001cc61c0eff0 Implicit null exception at 0x000001cc712b68af to 0x000001cc712b6a0c
Event: 2.901 Thread 0x000001cc61c0eff0 Exception <a 'java/lang/NoSuchMethodError'{0x00000000cb8ad0c8}: 'java.lang.Object java.lang.invoke.Invokers$Holder.invokeExact_MT(java.lang.Object, int, java.lang.Object)'> (0x00000000cb8ad0c8) 
thrown [s\src\hotspot\share\interpreter\linkResolver.cpp, line 759]
Event: 2.918 Thread 0x000001cc61c0eff0 Exception <a 'java/lang/NoSuchMethodError'{0x00000000cb73e418}: 'int java.lang.invoke.DirectMethodHandle$Holder.invokeSpecial(java.lang.Object, java.lang.Object, java.lang.Object, java.lang.Object)'> (0x00000000cb73e418) 
thrown [s\src\hotspot\share\interpreter\linkResolver.cpp, line 759]
Event: 3.187 Thread 0x000001cc61c0eff0 Exception <a 'java/lang/NoClassDefFoundError'{0x00000000caf74900}: com/google/inject/servlet/ServletModuleTargetVisitor> (0x00000000caf74900) 
thrown [s\src\hotspot\share\classfile\systemDictionary.cpp, line 245]
Event: 3.289 Thread 0x000001cc61c0eff0 Exception <a 'java/lang/NoSuchMethodError'{0x00000000cab140f8}: 'void java.lang.invoke.DirectMethodHandle$Holder.invokeVirtual(java.lang.Object, java.lang.Object)'> (0x00000000cab140f8) 
thrown [s\src\hotspot\share\interpreter\linkResolver.cpp, line 759]
Event: 3.304 Thread 0x000001cc61c0eff0 Exception <a 'java/lang/NoSuchMethodError'{0x00000000cab50f30}: 'java.lang.Object java.lang.invoke.DirectMethodHandle$Holder.invokeStaticInit(java.lang.Object, int, int, int, int)'> (0x00000000cab50f30) 
thrown [s\src\hotspot\share\interpreter\linkResolver.cpp, line 759]
Event: 3.491 Thread 0x000001cc61c0eff0 Implicit null exception at 0x000001cc71257372 to 0x000001cc7125793c
Event: 3.491 Thread 0x000001cc61c0eff0 Implicit null exception at 0x000001cc7127af72 to 0x000001cc7127b54c
Event: 3.539 Thread 0x000001cc61c0eff0 Exception <a 'java/lang/NoSuchMethodError'{0x00000000ca61c7a0}: 'void java.lang.invoke.DirectMethodHandle$Holder.invokeSpecial(java.lang.Object, java.lang.Object, java.lang.Object, java.lang.Object, java.lang.Object)'> (0x00000000ca61c7a0) 
thrown [s\src\hotspot\share\interpreter\linkResolver.cpp, line 759]
Event: 3.541 Thread 0x000001cc61c0eff0 Exception <a 'java/lang/NoSuchMethodError'{0x00000000ca6358a0}: 'void java.lang.invoke.DirectMethodHandle$Holder.invokeSpecial(java.lang.Object, java.lang.Object, java.lang.Object, java.lang.Object, java.lang.Object, java.lang.Object)'> (0x00000000ca6358a0) 
thrown [s\src\hotspot\share\interpreter\linkResolver.cpp, line 759]
Event: 3.564 Thread 0x000001cc61c0eff0 Exception <a 'java/lang/NoSuchMethodError'{0x00000000ca5465b0}: 'java.lang.Object java.lang.invoke.DirectMethodHandle$Holder.invokeVirtual(java.lang.Object, java.lang.Object, java.lang.Object)'> (0x00000000ca5465b0) 
thrown [s\src\hotspot\share\interpreter\linkResolver.cpp, line 759]
Event: 4.567 Thread 0x000001cc61c0eff0 Exception <a 'java/lang/NoSuchMethodError'{0x00000000caab4d48}: 'int java.lang.invoke.DirectMethodHandle$Holder.invokeSpecialIFC(java.lang.Object, java.lang.Object, java.lang.Object, java.lang.Object)'> (0x00000000caab4d48) 
thrown [s\src\hotspot\share\interpreter\linkResolver.cpp, line 759]
Event: 7.116 Thread 0x000001cc61c0eff0 Implicit null exception at 0x000001cc7141d12f to 0x000001cc7141d19e
Event: 7.117 Thread 0x000001cc61c0eff0 Exception <a 'java/lang/NoSuchMethodError'{0x00000000cac14e50}: 'java.lang.Object java.lang.invoke.DirectMethodHandle$Holder.newInvokeSpecial(java.lang.Object, java.lang.Object, java.lang.Object, java.lang.Object, java.lang.Object, java.lang.Object, java.lang.Object)'> (0x00000000cac14e50) 
thrown [s\src\hotspot\share\interpreter\linkResolver.cpp, line 759]
Event: 7.118 Thread 0x000001cc61c0eff0 Exception <a 'java/lang/NoSuchMethodError'{0x00000000cac19760}: 'java.lang.Object java.lang.invoke.Invokers$Holder.linkToTargetMethod(java.lang.Object, java.lang.Object, java.lang.Object, java.lang.Object, java.lang.Object, java.lang.Object, java.lang.Object)'> (0x00000000cac19760) 
thrown [s\src\hotspot\share\interpreter\linkResolver.cpp, line 759]
Event: 7.477 Thread 0x000001cc61c0eff0 Implicit null exception at 0x000001cc71423e17 to 0x000001cc714245c4
Event: 7.491 Thread 0x000001cc61c0eff0 Exception <a 'java/lang/NoSuchMethodError'{0x00000000cbef4f80}: 'int java.lang.invoke.DirectMethodHandle$Holder.invokeVirtual(java.lang.Object, java.lang.Object)'> (0x00000000cbef4f80) 
thrown [s\src\hotspot\share\interpreter\linkResolver.cpp, line 759]
Event: 7.562 Thread 0x000001cc61c0eff0 Exception <a 'java/lang/NoSuchMethodError'{0x00000000cbcd9a98}: 'int java.lang.invoke.DirectMethodHandle$Holder.invokeStatic(java.lang.Object, java.lang.Object, int)'> (0x00000000cbcd9a98) 
thrown [s\src\hotspot\share\interpreter\linkResolver.cpp, line 759]

VM Operations (20 events):
Event: 3.595 Executing VM operation: G1CollectForAllocation done
Event: 4.138 Executing VM operation: ICBufferFull
Event: 4.138 Executing VM operation: ICBufferFull done
Event: 4.581 Executing VM operation: G1CollectForAllocation
Event: 4.596 Executing VM operation: G1CollectForAllocation done
Event: 4.825 Executing VM operation: HandshakeAllThreads
Event: 4.825 Executing VM operation: HandshakeAllThreads done
Event: 5.368 Executing VM operation: ICBufferFull
Event: 5.368 Executing VM operation: ICBufferFull done
Event: 5.592 Executing VM operation: G1CollectForAllocation
Event: 5.601 Executing VM operation: G1CollectForAllocation done
Event: 6.611 Executing VM operation: Cleanup
Event: 6.611 Executing VM operation: Cleanup done
Event: 7.185 Executing VM operation: G1CollectForAllocation
Event: 7.192 Executing VM operation: G1CollectForAllocation done
Event: 7.608 Executing VM operation: G1TryInitiateConcMark
Event: 7.614 Executing VM operation: G1TryInitiateConcMark done
Event: 7.618 Executing VM operation: G1TryInitiateConcMark
Event: 7.622 Executing VM operation: G1TryInitiateConcMark done
Event: 7.648 Executing VM operation: G1PauseRemark

Memory protections (0 events):
No events

Nmethod flushes (0 events):
No events

Events (16 events):
Event: 0.065 Thread 0x000001cc61c0eff0 Thread added: 0x000001cc61c0eff0
Event: 0.068 Thread 0x000001cc61c0eff0 Thread added: 0x000001cc7ccc3120
Event: 0.069 Thread 0x000001cc61c0eff0 Thread added: 0x000001cc7ccc4760
Event: 0.090 Thread 0x000001cc61c0eff0 Thread added: 0x000001cc7ccdb720
Event: 0.090 Thread 0x000001cc61c0eff0 Thread added: 0x000001cc7ccdbff0
Event: 0.090 Thread 0x000001cc61c0eff0 Thread added: 0x000001cc7ccdd430
Event: 0.090 Thread 0x000001cc61c0eff0 Thread added: 0x000001cc7cce1d70
Event: 0.090 Thread 0x000001cc61c0eff0 Thread added: 0x000001cc7cce2970
Event: 0.091 Thread 0x000001cc61c0eff0 Thread added: 0x000001cc7ccf00d0
Event: 0.094 Thread 0x000001cc61c0eff0 Thread added: 0x000001cc7cd69c90
Event: 0.120 Thread 0x000001cc61c0eff0 Thread added: 0x000001cc7cf53d00
Event: 0.125 Thread 0x000001cc61c0eff0 Thread added: 0x000001cc7cf68ce0
Event: 0.346 Thread 0x000001cc61c0eff0 Thread added: 0x000001cc7d29af20
Event: 0.510 Thread 0x000001cc7d29af20 Thread exited: 0x000001cc7d29af20
Event: 1.709 Thread 0x000001cc7ccf00d0 Thread added: 0x000001cc7d83f9a0
Event: 2.820 Thread 0x000001cc7d83f9a0 Thread exited: 0x000001cc7d83f9a0


Dynamic libraries:
0x00007ff72a870000 - 0x00007ff72a87e000 	C:\Program Files\Eclipse Adoptium\jdk-17.0.16.8-hotspot\bin\javaw.exe
0x00007ff89b080000 - 0x00007ff89b2e8000 	C:\WINDOWS\SYSTEM32\ntdll.dll
0x00007ff868790000 - 0x00007ff8687b0000 	C:\Program Files\Avast Software\Avast\aswhook.dll
0x00007ff8994f0000 - 0x00007ff8995b9000 	C:\WINDOWS\System32\KERNEL32.DLL
0x00007ff897d70000 - 0x00007ff898161000 	C:\WINDOWS\System32\KERNELBASE.dll
0x00007ff897c20000 - 0x00007ff897d6b000 	C:\WINDOWS\System32\ucrtbase.dll
0x00007ff88b8f0000 - 0x00007ff88b907000 	C:\Program Files\Eclipse Adoptium\jdk-17.0.16.8-hotspot\bin\jli.dll
0x00007ff886120000 - 0x00007ff88613e000 	C:\Program Files\Eclipse Adoptium\jdk-17.0.16.8-hotspot\bin\VCRUNTIME140.dll
0x00007ff89ad20000 - 0x00007ff89aee6000 	C:\WINDOWS\System32\USER32.dll
0x00007ff8852e0000 - 0x00007ff885573000 	C:\WINDOWS\WinSxS\amd64_microsoft.windows.common-controls_6595b64144ccf1df_6.0.26100.7824_none_3e0870b2e3345462\COMCTL32.dll
0x00007ff89af90000 - 0x00007ff89b039000 	C:\WINDOWS\System32\msvcrt.dll
0x00007ff898170000 - 0x00007ff898197000 	C:\WINDOWS\System32\win32u.dll
0x00007ff8995c0000 - 0x00007ff8995eb000 	C:\WINDOWS\System32\GDI32.dll
0x00007ff898c30000 - 0x00007ff898d5b000 	C:\WINDOWS\System32\gdi32full.dll
0x00007ff897ae0000 - 0x00007ff897b83000 	C:\WINDOWS\System32\msvcp_win.dll
0x00007ff8993a0000 - 0x00007ff8993d1000 	C:\WINDOWS\System32\IMM32.DLL
0x00007ff88dc50000 - 0x00007ff88dc5c000 	C:\Program Files\Eclipse Adoptium\jdk-17.0.16.8-hotspot\bin\vcruntime140_1.dll
0x00007ff822dd0000 - 0x00007ff822e5d000 	C:\Program Files\Eclipse Adoptium\jdk-17.0.16.8-hotspot\bin\msvcp140.dll
0x00007fffcdce0000 - 0x00007fffce94b000 	C:\Program Files\Eclipse Adoptium\jdk-17.0.16.8-hotspot\bin\server\jvm.dll
0x00007ff8992e0000 - 0x00007ff899394000 	C:\WINDOWS\System32\ADVAPI32.dll
0x00007ff89a6c0000 - 0x00007ff89a766000 	C:\WINDOWS\System32\sechost.dll
0x00007ff89a550000 - 0x00007ff89a668000 	C:\WINDOWS\System32\RPCRT4.dll
0x00007ff89af00000 - 0x00007ff89af74000 	C:\WINDOWS\System32\WS2_32.dll
0x00007ff8977c0000 - 0x00007ff89781e000 	C:\WINDOWS\SYSTEM32\POWRPROF.dll
0x00007ff891720000 - 0x00007ff89172b000 	C:\WINDOWS\SYSTEM32\VERSION.dll
0x00007ff8916e0000 - 0x00007ff891715000 	C:\WINDOWS\SYSTEM32\WINMM.dll
0x00007ff8977a0000 - 0x00007ff8977b4000 	C:\WINDOWS\SYSTEM32\UMPDC.dll
0x00007ff896700000 - 0x00007ff89671b000 	C:\WINDOWS\SYSTEM32\kernel.appcore.dll
0x00007ff88b9e0000 - 0x00007ff88b9ea000 	C:\Program Files\Eclipse Adoptium\jdk-17.0.16.8-hotspot\bin\jimage.dll
0x00007ff88bc20000 - 0x00007ff88be62000 	C:\WINDOWS\SYSTEM32\DBGHELP.DLL
0x00007ff89a990000 - 0x00007ff89ad16000 	C:\WINDOWS\System32\combase.dll
0x00007ff899fb0000 - 0x00007ff89a087000 	C:\WINDOWS\System32\OLEAUT32.dll
0x00007ff889630000 - 0x00007ff88966b000 	C:\WINDOWS\SYSTEM32\dbgcore.DLL
0x00007ff898310000 - 0x00007ff8983b5000 	C:\WINDOWS\System32\bcryptPrimitives.dll
0x00007ff85e780000 - 0x00007ff85e7a5000 	C:\Program Files\Eclipse Adoptium\jdk-17.0.16.8-hotspot\bin\java.dll
0x00007ff81ead0000 - 0x00007ff81eba7000 	C:\Program Files\Eclipse Adoptium\jdk-17.0.16.8-hotspot\bin\jsvml.dll
0x00007ff8995f0000 - 0x00007ff899d42000 	C:\WINDOWS\System32\SHELL32.dll
0x00007ff8981a0000 - 0x00007ff89830a000 	C:\WINDOWS\System32\wintypes.dll
0x00007ff8983c0000 - 0x00007ff898c23000 	C:\WINDOWS\System32\windows.storage.dll
0x00007ff898f90000 - 0x00007ff899086000 	C:\WINDOWS\System32\SHCORE.dll
0x00007ff898f20000 - 0x00007ff898f87000 	C:\WINDOWS\System32\shlwapi.dll
0x00007ff897880000 - 0x00007ff8978a9000 	C:\WINDOWS\SYSTEM32\profapi.dll
0x00007ff868bb0000 - 0x00007ff868bc9000 	C:\Program Files\Eclipse Adoptium\jdk-17.0.16.8-hotspot\bin\net.dll
0x00007ff88d8c0000 - 0x00007ff88d9e7000 	C:\WINDOWS\SYSTEM32\WINHTTP.dll
0x00007ff896c70000 - 0x00007ff896cdb000 	C:\WINDOWS\system32\mswsock.dll
0x00007ff863110000 - 0x00007ff863126000 	C:\Program Files\Eclipse Adoptium\jdk-17.0.16.8-hotspot\bin\nio.dll
0x00007ff85e740000 - 0x00007ff85e758000 	C:\Program Files\Eclipse Adoptium\jdk-17.0.16.8-hotspot\bin\zip.dll
0x00007ff85c930000 - 0x00007ff85c954000 	C:\Users\priya\AppData\Local\Temp\jansi-2.4.1-e0c941a44bc27a98-jansi.dll
0x00007ff88b990000 - 0x00007ff88b9a0000 	C:\Program Files\Eclipse Adoptium\jdk-17.0.16.8-hotspot\bin\verify.dll
0x00007ff8961d0000 - 0x00007ff896204000 	C:\WINDOWS\SYSTEM32\IPHLPAPI.DLL
0x00007ff899090000 - 0x00007ff89909a000 	C:\WINDOWS\System32\NSI.dll
0x00007ff88db10000 - 0x00007ff88db2e000 	C:\WINDOWS\SYSTEM32\dhcpcsvc6.DLL
0x00007ff88dae0000 - 0x00007ff88db03000 	C:\WINDOWS\SYSTEM32\dhcpcsvc.DLL
0x00007ff896210000 - 0x00007ff89633c000 	C:\WINDOWS\SYSTEM32\DNSAPI.dll
0x00007ff88b980000 - 0x00007ff88b989000 	C:\Program Files\Eclipse Adoptium\jdk-17.0.16.8-hotspot\bin\extnet.dll

dbghelp: loaded successfully - version: 4.0.5 - missing functions: none
symbol engine: initialized successfully - sym options: 0x614 - pdb path: .;C:\Program Files\Eclipse Adoptium\jdk-17.0.16.8-hotspot\bin;C:\WINDOWS\SYSTEM32;C:\Program Files\Avast Software\Avast;C:\WINDOWS\WinSxS\amd64_microsoft.windows.common-controls_6595b64144ccf1df_6.0.26100.7824_none_3e0870b2e3345462;C:\Program Files\Eclipse Adoptium\jdk-17.0.16.8-hotspot\bin\server;C:\Users\priya\AppData\Local\Temp

VM Arguments:
jvm_args: -Dmaven.home=EMBEDDED -Dclassworlds.conf=C:\Users\priya\eclipse-workspace-new\.metadata\.plugins\org.eclipse.m2e.launching\launches\m2conf6054473971233133526.tmp -Dmaven.multiModuleProjectDirectory=C:\Users\priya\eclipse-workspace-new\TaskManage -Dm2e.build.project.data.socket.port=56943 -Dfile.encoding=UTF-8 -Dstdout.encoding=UTF-8 -Dstderr.encoding=UTF-8 -XX:+ShowCodeDetailsInExceptionMessages 
java_command: org.codehaus.plexus.classworlds.launcher.Launcher -B -Dstyle.color=always install
java_class_path (initial): C:\Users\priya\.p2\pool\plugins\org.eclipse.m2e.maven.runtime_3.9.900.20250220-2013\jars\plexus-classworlds-2.8.0.jar
Launcher Type: SUN_STANDARD

[Global flags]
     intx CICompilerCount                          = 3                                         {product} {ergonomic}
     uint ConcGCThreads                            = 1                                         {product} {ergonomic}
     uint G1ConcRefinementThreads                  = 4                                         {product} {ergonomic}
   size_t G1HeapRegionSize                         = 1048576                                   {product} {ergonomic}
    uintx GCDrainStackTargetSize                   = 64                                        {product} {ergonomic}
   size_t InitialHeapSize                          = 58720256                                  {product} {ergonomic}
   size_t MarkStackSize                            = 4194304                                   {product} {ergonomic}
   size_t MaxHeapSize                              = 924844032                                 {product} {ergonomic}
   size_t MaxNewSize                               = 554696704                                 {product} {ergonomic}
   size_t MinHeapDeltaBytes                        = 1048576                                   {product} {ergonomic}
   size_t MinHeapSize                              = 8388608                                   {product} {ergonomic}
    uintx NonNMethodCodeHeapSize                   = 5832780                                {pd product} {ergonomic}
    uintx NonProfiledCodeHeapSize                  = 122912730                              {pd product} {ergonomic}
    uintx ProfiledCodeHeapSize                     = 122912730                              {pd product} {ergonomic}
    uintx ReservedCodeCacheSize                    = 251658240                              {pd product} {ergonomic}
     bool SegmentedCodeCache                       = true                                      {product} {ergonomic}
     bool ShowCodeDetailsInExceptionMessages       = true                                   {manageable} {command line}
   size_t SoftMaxHeapSize                          = 924844032                              {manageable} {ergonomic}
     bool UseCompressedClassPointers               = true                           {product lp64_product} {ergonomic}
     bool UseCompressedOops                        = true                           {product lp64_product} {ergonomic}
     bool UseG1GC                                  = true                                      {product} {ergonomic}
     bool UseLargePagesIndividualAllocation        = false                                  {pd product} {ergonomic}

Logging:
Log output configuration:
 #0: stdout all=warning uptime,level,tags
 #1: stderr all=off uptime,level,tags

Environment Variables:
PATH=C:/Users/priya/.p2/pool/plugins/org.eclipse.justj.openjdk.hotspot.jre.full.win32.x86_64_21.0.8.v20250724-1412/jre/bin/server;C:/Users/priya/.p2/pool/plugins/org.eclipse.justj.openjdk.hotspot.jre.full.win32.x86_64_21.0.8.v20250724-1412/jre/bin;C:\Program Files\Eclipse Adoptium\jdk-17.0.16.8-hotspot\bin;C:\Program Files\Common Files\Oracle\Java\javapath;C:\WINDOWS\system32;C:\WINDOWS;C:\WINDOWS\System32\Wbem;C:\WINDOWS\System32\WindowsPowerShell\v1.0\;C:\WINDOWS\System32\OpenSSH\;C:\Program Files\HP\HP One Agent;C:\Program Files\MySQL\MySQL Server 8.0\bin;C:\Program Files\nodejs\;C:\WINDOWS\system32;C:\WINDOWS;C:\WINDOWS\System32\Wbem;C:\WINDOWS\System32\WindowsPowerShell\v1.0\;C:\WINDOWS\System32\OpenSSH\;C:\Program Files\Git\cmd;C:\Android\SDK\platform-tools;C:\Android\SDK\cmdline-tools\latest\bin;C:\flutter\bin;C:\flutter\bin\cache\dart-sdk\bin;C:\Users\priya\Downloads\apache-maven-3.9.11-bin (1)\apache-maven-3.9.11\bin;C:\Program Files\MySQL\MySQL Shell 8.0\bin\;C:\Users\priya\AppData\Local\Programs\Eclipse Adoptium\jdk-25.0.1.8-hotspot\bin;C:\Users\priya\AppData\Local\Programs\Python\Python313\Scripts\;C:\Users\priya\AppData\Local\Programs\Python\Python313\;C:\Users\priya\AppData\Local\Microsoft\WindowsApps;C:\Users\priya\AppData\Local\Programs\Microsoft VS Code\bin;C:\Users\priya\AppData\Roaming\npm;%IntelliJ IDEA Community Edition%;C:\flutter\bin;C:\Users\priya\AppData\Local\GitHubDesktop\bin;C:\Program Files\JetBrains\PyCharm Community Edition 2025.1.2\bin;;C:\Program Files\Java\jdk-20\bin;;C:\WINDOWS\system32;
USERNAME=Suhani
OS=Windows_NT
PROCESSOR_IDENTIFIER=AMD64 Family 23 Model 24 Stepping 1, AuthenticAMD
TMP=C:\Users\priya\AppData\Local\Temp
TEMP=C:\Users\priya\AppData\Local\Temp



Periodic native trim disabled


---------------  S Y S T E M  ---------------

OS:
 Windows 11 , 64 bit Build 26100 (10.0.26100.7705)
OS uptime: 2 days 8:40 hours

CPU: total 4 (initial active 4) (4 cores per cpu, 1 threads per core) family 23 model 24 stepping 1 microcode 0x8108109, cx8, cmov, fxsr, mmx, 3dnowpref, sse, sse2, sse3, ssse3, sse4a, sse4.1, sse4.2, popcnt, lzcnt, tsc, tscinvbit, avx, avx2, aes, clmul, bmi1, bmi2, adx, sha, fma, vzeroupper, clflush, clflushopt
Processor Information for all 4 processors :
  Max Mhz: 2100, Current Mhz: 2100, Mhz Limit: 2100

Memory: 4k page, system-wide physical 3526M (470M free)
TotalPageFile size 14278M (AvailPageFile size 32M)
current process WorkingSet (physical memory assigned to process): 144M, peak: 149M
current process commit charge ("private bytes"): 181M, peak: 211M

vm_info: OpenJDK 64-Bit Server VM (17.0.16+8) for windows-amd64 JRE (17.0.16+8), built on Jul 16 2025 10:37:56 by "admin" with MS VC++ 17.7 (VS2022)

END.
